TpTrace Verbose: 0 : 12428, 1, 2022/09/30, 21:33:27.054, 11588911919088, testhost.dll, Version: 17.1.0
TpTrace Information: 0 : 12428, 1, 2022/09/30, 21:33:27.059, 11588911953228, testhost.dll, DefaultEngineInvoker.Invoke: Testhost process started with args :[--port, 64057],[--endpoint, 127.0.0.1:064057],[--role, client],[--parentprocessid, 9368],[--diag, C:\Users\Andy Tran\source\repos\spreadsheet-AndyTran97\Spreadsheet\FormulaTests\bin\Debug\net6.0\fine-code-coverage\coverage-tool-output\diagnostics.host.22-09-30_21-33-26_96872_7.log],[--tracelevel, 4],[--datacollectionport, 64056],[--telemetryoptedin, false]
TpTrace Information: 0 : 12428, 1, 2022/09/30, 21:33:27.060, 11588911963584, testhost.dll, Setting up debug trace listener.
TpTrace Verbose: 0 : 12428, 1, 2022/09/30, 21:33:27.061, 11588911965938, testhost.dll, TestPlatformTraceListener.Setup: Replacing listener 0 with TestHostTraceListener.
TpTrace Verbose: 0 : 12428, 1, 2022/09/30, 21:33:27.061, 11588911966272, testhost.dll, TestPlatformTraceListener.Setup: Added test platform trace listener.
TpTrace Information: 0 : 12428, 1, 2022/09/30, 21:33:27.061, 11588911971286, testhost.dll, DefaultEngineInvoker.SetParentProcessExitCallback: Monitoring parent process with id: '9368'
TpTrace Information: 0 : 12428, 1, 2022/09/30, 21:33:27.065, 11588912015577, testhost.dll, DefaultEngineInvoker.GetConnectionInfo: Initialize communication on endpoint address: '127.0.0.1:064057'
TpTrace Information: 0 : 12428, 1, 2022/09/30, 21:33:27.071, 11588912072286, testhost.dll, SocketClient.Start: connecting to server endpoint: 127.0.0.1:064057
TpTrace Information: 0 : 12428, 1, 2022/09/30, 21:33:27.075, 11588912115394, testhost.dll, DefaultEngineInvoker.ConnectToDatacollector: Connecting to datacollector, port: 64056
TpTrace Information: 0 : 12428, 10, 2022/09/30, 21:33:27.076, 11588912124031, testhost.dll, SocketClient.OnServerConnected: connected to server endpoint: 127.0.0.1:064057
TpTrace Verbose: 0 : 12428, 10, 2022/09/30, 21:33:27.077, 11588912135576, testhost.dll, Connected to server, and starting MessageLoopAsync
TpTrace Information: 0 : 12428, 1, 2022/09/30, 21:33:27.078, 11588912140898, testhost.dll, Trying to connect to server on socket : 127.0.0.1:64056 
TpTrace Verbose: 0 : 12428, 1, 2022/09/30, 21:33:27.078, 11588912143349, testhost.dll, SocketCommunicationManager : SetupClientAsync : Attempting to connect to the server.
TpTrace Information: 0 : 12428, 10, 2022/09/30, 21:33:27.079, 11588912152412, testhost.dll, Connected to the server successfully 
TpTrace Information: 0 : 12428, 10, 2022/09/30, 21:33:27.079, 11588912152899, testhost.dll, Using the buffer size of 16384 bytes
TpTrace Information: 0 : 12428, 1, 2022/09/30, 21:33:27.079, 11588912155475, testhost.dll, DefaultEngineInvoker.Invoke: Start Request Processing.
TpTrace Verbose: 0 : 12428, 9, 2022/09/30, 21:33:27.080, 11588912155917, testhost.dll, TcpClientExtensions.MessageLoopAsync: Polling on remoteEndPoint: [::ffff:127.0.0.1]:64057 localEndPoint: [::ffff:127.0.0.1]:64058
TpTrace Verbose: 0 : 12428, 9, 2022/09/30, 21:33:27.080, 11588912158025, testhost.dll, TcpClientExtensions.MessageLoopAsync: NotifyDataAvailable remoteEndPoint: [::ffff:127.0.0.1]:64057 localEndPoint: [::ffff:127.0.0.1]:64058
TpTrace Information: 0 : 12428, 12, 2022/09/30, 21:33:27.080, 11588912159783, testhost.dll, DefaultEngineInvoker.StartProcessingAsync: Connected to vstest.console, Starting process requests.
TpTrace Information: 0 : 12428, 9, 2022/09/30, 21:33:27.154, 11588912895773, testhost.dll, TestRequestHandler.OnMessageReceived: received message: (ProtocolVersion) -> 7
TpTrace Verbose: 0 : 12428, 9, 2022/09/30, 21:33:27.170, 11588913064201, testhost.dll, TestRequestHandler.SendData:  sending data from testhost: {"Version":5,"MessageType":"TestSession.Message","Payload":{"MessageLevel":0,"Message":"Logging TestHost Diagnostics in file: C:\\Users\\Andy Tran\\source\\repos\\spreadsheet-AndyTran97\\Spreadsheet\\FormulaTests\\bin\\Debug\\net6.0\\fine-code-coverage\\coverage-tool-output\\diagnostics.host.22-09-30_21-33-26_96872_7.log"}}
TpTrace Verbose: 0 : 12428, 9, 2022/09/30, 21:33:27.171, 11588913065647, testhost.dll, TcpClientExtensions.MessageLoopAsync: Polling on remoteEndPoint: [::ffff:127.0.0.1]:64057 localEndPoint: [::ffff:127.0.0.1]:64058
TpTrace Verbose: 0 : 12428, 9, 2022/09/30, 21:33:27.171, 11588913066558, testhost.dll, TcpClientExtensions.MessageLoopAsync: NotifyDataAvailable remoteEndPoint: [::ffff:127.0.0.1]:64057 localEndPoint: [::ffff:127.0.0.1]:64058
TpTrace Information: 0 : 12428, 9, 2022/09/30, 21:33:27.173, 11588913090196, testhost.dll, TestRequestHandler.OnMessageReceived: received message: (TestExecution.Initialize) -> [
  "C:\\Users\\Andy Tran\\source\\repos\\spreadsheet-AndyTran97\\Spreadsheet\\FormulaTests\\bin\\Debug\\net6.0\\fine-code-coverage\\build-output\\Microsoft.VisualStudio.TestPlatform.MSTest.TestAdapter.dll"
]
TpTrace Verbose: 0 : 12428, 9, 2022/09/30, 21:33:27.177, 11588913132045, testhost.dll, TcpClientExtensions.MessageLoopAsync: Polling on remoteEndPoint: [::ffff:127.0.0.1]:64057 localEndPoint: [::ffff:127.0.0.1]:64058
TpTrace Verbose: 0 : 12428, 9, 2022/09/30, 21:33:27.177, 11588913132487, testhost.dll, TcpClientExtensions.MessageLoopAsync: NotifyDataAvailable remoteEndPoint: [::ffff:127.0.0.1]:64057 localEndPoint: [::ffff:127.0.0.1]:64058
TpTrace Information: 0 : 12428, 4, 2022/09/30, 21:33:27.177, 11588913134553, testhost.dll, TestRequestHandler.OnMessageReceived: Running job 'TestExecution.Initialize'.
TpTrace Verbose: 0 : 12428, 4, 2022/09/30, 21:33:27.179, 11588913147449, testhost.dll, TestExecutorService: Loading the extensions
TpTrace Information: 0 : 12428, 9, 2022/09/30, 21:33:27.179, 11588913148762, testhost.dll, TestRequestHandler.OnMessageReceived: received message: (TestExecution.StartWithSources) -> {
  "AdapterSourceMap": {
    "_none_": [
      "C:\\Users\\Andy Tran\\source\\repos\\spreadsheet-AndyTran97\\Spreadsheet\\FormulaTests\\bin\\Debug\\net6.0\\fine-code-coverage\\build-output\\FormulaTests.dll"
    ]
  },
  "RunSettings": "<RunSettings>\r\n  <RunConfiguration>\r\n    <ResultsDirectory>C:\\Users\\Andy Tran\\source\\repos\\spreadsheet-AndyTran97\\Spreadsheet\\FormulaTests\\bin\\Debug\\net6.0\\fine-code-coverage\\coverage-tool-output</ResultsDirectory>\r\n    <TargetFrameworkVersion>.NETCoreApp,Version=v6.0</TargetFrameworkVersion>\r\n    <DesignMode>False</DesignMode>\r\n    <CollectSourceInformation>False</CollectSourceInformation>\r\n  </RunConfiguration>\r\n  <LoggerRunSettings>\r\n    <Loggers>\r\n      <Logger friendlyName=\"blame\" enabled=\"True\" />\r\n      <Logger friendlyName=\"Console\" uri=\"logger://microsoft/TestPlatform/ConsoleLogger/v1\" assemblyQualifiedName=\"Microsoft.VisualStudio.TestPlatform.CommandLine.Internal.ConsoleLogger, vstest.console, Version=15.0.0.0, Culture=neutral, PublicKeyToken=b03f5f7f11d50a3a\" codeBase=\"C:\\Program Files\\dotnet\\sdk\\6.0.400\\vstest.console.dll\" enabled=\"True\" />\r\n    </Loggers>\r\n  </LoggerRunSettings>\r\n  <DataCollectionRunSettings>\r\n    <DataCollectors>\r\n      <DataCollector friendlyName=\"blame\" enabled=\"True\">\r\n        <Configuration>\r\n          <ResultsDirectory>C:\\Users\\Andy Tran\\source\\repos\\spreadsheet-AndyTran97\\Spreadsheet\\FormulaTests\\bin\\Debug\\net6.0\\fine-code-coverage\\coverage-tool-output</ResultsDirectory>\r\n        </Configuration>\r\n      </DataCollector>\r\n    </DataCollectors>\r\n  </DataCollectionRunSettings>\r\n</RunSettings>",
  "TestExecutionContext": {
    "FrequencyOfRunStatsChangeEvent": 10,
    "RunStatsChangeEventTimeout": "00:00:01.5000000",
    "InIsolation": false,
    "KeepAlive": false,
    "AreTestCaseLevelEventsRequired": false,
    "IsDebug": false,
    "TestCaseFilter": null,
    "FilterOptions": null
  },
  "Package": null
}
TpTrace Verbose: 0 : 12428, 4, 2022/09/30, 21:33:27.180, 11588913158869, testhost.dll, TestPluginCache.DiscoverTestExtensions: finding test extensions in assemblies ends with: TestAdapter.dll TPluginInfo: Microsoft.VisualStudio.TestPlatform.Common.ExtensionFramework.Utilities.TestExecutorPluginInformation TExtension: Microsoft.VisualStudio.TestPlatform.ObjectModel.Adapter.ITestExecutor
TpTrace Verbose: 0 : 12428, 4, 2022/09/30, 21:33:27.180, 11588913165280, testhost.dll, TestPluginCache.GetExtensionPaths: Filtered extension paths: 
TpTrace Verbose: 0 : 12428, 4, 2022/09/30, 21:33:27.181, 11588913167857, testhost.dll, TestPluginCache.GetExtensionPaths: Added default extension paths: C:\Users\Andy Tran\source\repos\spreadsheet-AndyTran97\Spreadsheet\FormulaTests\bin\Debug\net6.0\fine-code-coverage\build-output\Microsoft.VisualStudio.TestPlatform.MSTest.TestAdapter.dll
TpTrace Verbose: 0 : 12428, 4, 2022/09/30, 21:33:27.181, 11588913168180, testhost.dll, TestPluginCache.GetExtensionPaths: Added unfilterableExtensionPaths: 
TpTrace Information: 0 : 12428, 4, 2022/09/30, 21:33:27.182, 11588913178082, testhost.dll, AssemblyResolver.ctor: Creating AssemblyResolver with searchDirectories C:\Users\Andy Tran\source\repos\spreadsheet-AndyTran97\Spreadsheet\FormulaTests\bin\Debug\net6.0\fine-code-coverage\build-output
TpTrace Verbose: 0 : 12428, 4, 2022/09/30, 21:33:27.183, 11588913187642, testhost.dll, TestPluginCache.DiscoverTestExtensions: Discovering the extensions using extension path.
TpTrace Verbose: 0 : 12428, 4, 2022/09/30, 21:33:27.183, 11588913188241, testhost.dll, TestPluginCache.GetExtensionPaths: Filtered extension paths: 
TpTrace Verbose: 0 : 12428, 4, 2022/09/30, 21:33:27.183, 11588913188447, testhost.dll, TestPluginCache.GetExtensionPaths: Added default extension paths: C:\Users\Andy Tran\source\repos\spreadsheet-AndyTran97\Spreadsheet\FormulaTests\bin\Debug\net6.0\fine-code-coverage\build-output\Microsoft.VisualStudio.TestPlatform.MSTest.TestAdapter.dll
TpTrace Verbose: 0 : 12428, 4, 2022/09/30, 21:33:27.183, 11588913188626, testhost.dll, TestPluginCache.GetExtensionPaths: Added unfilterableExtensionPaths: 
TpTrace Verbose: 0 : 12428, 4, 2022/09/30, 21:33:27.183, 11588913188931, testhost.dll, TestPluginCache.DiscoverTestExtensions: Discovering the extensions using allExtensionPaths: C:\Users\Andy Tran\source\repos\spreadsheet-AndyTran97\Spreadsheet\FormulaTests\bin\Debug\net6.0\fine-code-coverage\build-output\Microsoft.VisualStudio.TestPlatform.MSTest.TestAdapter.dll
TpTrace Information: 0 : 12428, 4, 2022/09/30, 21:33:27.183, 11588913194781, testhost.dll, AssemblyResolver.AddSearchDirectories: Adding more searchDirectories C:\Users\Andy Tran\source\repos\spreadsheet-AndyTran97\Spreadsheet\FormulaTests\bin\Debug\net6.0\fine-code-coverage\build-output
TpTrace Information: 0 : 12428, 4, 2022/09/30, 21:33:27.187, 11588913228921, testhost.dll, AssemblyResolver.OnResolve: Microsoft.VisualStudio.TestPlatform.MSTest.TestAdapter: Resolving assembly.
TpTrace Information: 0 : 12428, 4, 2022/09/30, 21:33:27.187, 11588913229371, testhost.dll, AssemblyResolver.OnResolve: Microsoft.VisualStudio.TestPlatform.MSTest.TestAdapter: Searching in: 'C:\Users\Andy Tran\source\repos\spreadsheet-AndyTran97\Spreadsheet\FormulaTests\bin\Debug\net6.0\fine-code-coverage\build-output'.
TpTrace Information: 0 : 12428, 4, 2022/09/30, 21:33:27.188, 11588913236268, testhost.dll, AssemblyResolver.OnResolve: Microsoft.VisualStudio.TestPlatform.MSTest.TestAdapter: Loading assembly 'C:\Users\Andy Tran\source\repos\spreadsheet-AndyTran97\Spreadsheet\FormulaTests\bin\Debug\net6.0\fine-code-coverage\build-output\Microsoft.VisualStudio.TestPlatform.MSTest.TestAdapter.dll'.
TpTrace Information: 0 : 12428, 4, 2022/09/30, 21:33:27.188, 11588913240538, testhost.dll, AssemblyResolver.OnResolve: Resolved assembly: Microsoft.VisualStudio.TestPlatform.MSTest.TestAdapter, from path: C:\Users\Andy Tran\source\repos\spreadsheet-AndyTran97\Spreadsheet\FormulaTests\bin\Debug\net6.0\fine-code-coverage\build-output\Microsoft.VisualStudio.TestPlatform.MSTest.TestAdapter.dll
TpTrace Verbose: 0 : 12428, 9, 2022/09/30, 21:33:27.195, 11588913308950, testhost.dll, TcpClientExtensions.MessageLoopAsync: Polling on remoteEndPoint: [::ffff:127.0.0.1]:64057 localEndPoint: [::ffff:127.0.0.1]:64058
TpTrace Verbose: 0 : 12428, 4, 2022/09/30, 21:33:27.199, 11588913351202, testhost.dll, TestPluginCache: Discovered the extensions using extension path ''.
TpTrace Verbose: 0 : 12428, 4, 2022/09/30, 21:33:27.199, 11588913353698, testhost.dll, TestPluginCache: Discoverers are ''.
TpTrace Verbose: 0 : 12428, 4, 2022/09/30, 21:33:27.199, 11588913354107, testhost.dll, TestPluginCache: Executors are 'executor://MSTestAdapter/v2'.
TpTrace Verbose: 0 : 12428, 4, 2022/09/30, 21:33:27.199, 11588913354438, testhost.dll, TestPluginCache: Executors2 are ''.
TpTrace Verbose: 0 : 12428, 4, 2022/09/30, 21:33:27.199, 11588913354730, testhost.dll, TestPluginCache: Setting providers are ''.
TpTrace Verbose: 0 : 12428, 4, 2022/09/30, 21:33:27.199, 11588913355014, testhost.dll, TestPluginCache: Loggers are ''.
TpTrace Verbose: 0 : 12428, 4, 2022/09/30, 21:33:27.201, 11588913371683, testhost.dll, TestPluginCache.DiscoverTestExtensions: finding test extensions in assemblies ends with: TestAdapter.dll TPluginInfo: Microsoft.VisualStudio.TestPlatform.Common.ExtensionFramework.Utilities.TestExecutorPluginInformation2 TExtension: Microsoft.VisualStudio.TestPlatform.ObjectModel.Adapter.ITestExecutor2
TpTrace Verbose: 0 : 12428, 4, 2022/09/30, 21:33:27.201, 11588913373166, testhost.dll, TestPluginCache.GetExtensionPaths: Filtered extension paths: 
TpTrace Verbose: 0 : 12428, 4, 2022/09/30, 21:33:27.201, 11588913373432, testhost.dll, TestPluginCache.GetExtensionPaths: Added default extension paths: C:\Users\Andy Tran\source\repos\spreadsheet-AndyTran97\Spreadsheet\FormulaTests\bin\Debug\net6.0\fine-code-coverage\build-output\Microsoft.VisualStudio.TestPlatform.MSTest.TestAdapter.dll
TpTrace Verbose: 0 : 12428, 4, 2022/09/30, 21:33:27.201, 11588913373643, testhost.dll, TestPluginCache.GetExtensionPaths: Added unfilterableExtensionPaths: 
TpTrace Information: 0 : 12428, 4, 2022/09/30, 21:33:27.201, 11588913374787, testhost.dll, AssemblyResolver.AddSearchDirectories: Adding more searchDirectories C:\Users\Andy Tran\source\repos\spreadsheet-AndyTran97\Spreadsheet\FormulaTests\bin\Debug\net6.0\fine-code-coverage\build-output
TpTrace Verbose: 0 : 12428, 4, 2022/09/30, 21:33:27.201, 11588913375052, testhost.dll, TestPluginCache.DiscoverTestExtensions: Discovering the extensions using extension path.
TpTrace Verbose: 0 : 12428, 4, 2022/09/30, 21:33:27.201, 11588913375257, testhost.dll, TestPluginCache.GetExtensionPaths: Filtered extension paths: 
TpTrace Verbose: 0 : 12428, 4, 2022/09/30, 21:33:27.201, 11588913375408, testhost.dll, TestPluginCache.GetExtensionPaths: Added default extension paths: C:\Users\Andy Tran\source\repos\spreadsheet-AndyTran97\Spreadsheet\FormulaTests\bin\Debug\net6.0\fine-code-coverage\build-output\Microsoft.VisualStudio.TestPlatform.MSTest.TestAdapter.dll
TpTrace Verbose: 0 : 12428, 4, 2022/09/30, 21:33:27.201, 11588913375565, testhost.dll, TestPluginCache.GetExtensionPaths: Added unfilterableExtensionPaths: 
TpTrace Verbose: 0 : 12428, 4, 2022/09/30, 21:33:27.202, 11588913375729, testhost.dll, TestPluginCache.DiscoverTestExtensions: Discovering the extensions using allExtensionPaths: C:\Users\Andy Tran\source\repos\spreadsheet-AndyTran97\Spreadsheet\FormulaTests\bin\Debug\net6.0\fine-code-coverage\build-output\Microsoft.VisualStudio.TestPlatform.MSTest.TestAdapter.dll
TpTrace Information: 0 : 12428, 4, 2022/09/30, 21:33:27.202, 11588913376025, testhost.dll, AssemblyResolver.AddSearchDirectories: Adding more searchDirectories C:\Users\Andy Tran\source\repos\spreadsheet-AndyTran97\Spreadsheet\FormulaTests\bin\Debug\net6.0\fine-code-coverage\build-output
TpTrace Verbose: 0 : 12428, 4, 2022/09/30, 21:33:27.202, 11588913377026, testhost.dll, TestPluginCache: Discovered the extensions using extension path ''.
TpTrace Verbose: 0 : 12428, 4, 2022/09/30, 21:33:27.202, 11588913377309, testhost.dll, TestPluginCache: Discoverers are ''.
TpTrace Verbose: 0 : 12428, 4, 2022/09/30, 21:33:27.202, 11588913377551, testhost.dll, TestPluginCache: Executors are 'executor://MSTestAdapter/v2'.
TpTrace Verbose: 0 : 12428, 4, 2022/09/30, 21:33:27.202, 11588913377941, testhost.dll, TestPluginCache: Executors2 are ''.
TpTrace Verbose: 0 : 12428, 4, 2022/09/30, 21:33:27.202, 11588913378670, testhost.dll, TestPluginCache: Setting providers are ''.
TpTrace Verbose: 0 : 12428, 4, 2022/09/30, 21:33:27.202, 11588913378861, testhost.dll, TestPluginCache: Loggers are ''.
TpTrace Information: 0 : 12428, 4, 2022/09/30, 21:33:27.205, 11588913407169, testhost.dll, TestPluginManager.CreateTestExtension: Attempting to load test extension: Microsoft.VisualStudio.TestPlatform.MSTest.TestAdapter.MSTestExecutor
TpTrace Verbose: 0 : 12428, 4, 2022/09/30, 21:33:27.209, 11588913452841, testhost.dll, TestExecutorExtensionManager: Loading executor Microsoft.VisualStudio.TestPlatform.MSTest.TestAdapter.MSTestExecutor
TpTrace Verbose: 0 : 12428, 4, 2022/09/30, 21:33:27.209, 11588913453185, testhost.dll, TestExecutorService: Loaded the executors
TpTrace Verbose: 0 : 12428, 4, 2022/09/30, 21:33:27.210, 11588913458525, testhost.dll, TestPluginCache.DiscoverTestExtensions: finding test extensions in assemblies ends with: TestAdapter.dll TPluginInfo: Microsoft.VisualStudio.TestPlatform.Common.ExtensionFramework.Utilities.TestSettingsProviderPluginInformation TExtension: Microsoft.VisualStudio.TestPlatform.ObjectModel.Adapter.ISettingsProvider
TpTrace Verbose: 0 : 12428, 4, 2022/09/30, 21:33:27.210, 11588913459129, testhost.dll, TestPluginCache.GetExtensionPaths: Filtered extension paths: 
TpTrace Verbose: 0 : 12428, 4, 2022/09/30, 21:33:27.210, 11588913459344, testhost.dll, TestPluginCache.GetExtensionPaths: Added default extension paths: C:\Users\Andy Tran\source\repos\spreadsheet-AndyTran97\Spreadsheet\FormulaTests\bin\Debug\net6.0\fine-code-coverage\build-output\Microsoft.VisualStudio.TestPlatform.MSTest.TestAdapter.dll
TpTrace Verbose: 0 : 12428, 4, 2022/09/30, 21:33:27.210, 11588913459512, testhost.dll, TestPluginCache.GetExtensionPaths: Added unfilterableExtensionPaths: 
TpTrace Information: 0 : 12428, 4, 2022/09/30, 21:33:27.210, 11588913460421, testhost.dll, AssemblyResolver.AddSearchDirectories: Adding more searchDirectories C:\Users\Andy Tran\source\repos\spreadsheet-AndyTran97\Spreadsheet\FormulaTests\bin\Debug\net6.0\fine-code-coverage\build-output
TpTrace Verbose: 0 : 12428, 4, 2022/09/30, 21:33:27.210, 11588913460663, testhost.dll, TestPluginCache.DiscoverTestExtensions: Discovering the extensions using extension path.
TpTrace Verbose: 0 : 12428, 4, 2022/09/30, 21:33:27.210, 11588913460831, testhost.dll, TestPluginCache.GetExtensionPaths: Filtered extension paths: 
TpTrace Verbose: 0 : 12428, 4, 2022/09/30, 21:33:27.210, 11588913460984, testhost.dll, TestPluginCache.GetExtensionPaths: Added default extension paths: C:\Users\Andy Tran\source\repos\spreadsheet-AndyTran97\Spreadsheet\FormulaTests\bin\Debug\net6.0\fine-code-coverage\build-output\Microsoft.VisualStudio.TestPlatform.MSTest.TestAdapter.dll
TpTrace Verbose: 0 : 12428, 4, 2022/09/30, 21:33:27.210, 11588913461205, testhost.dll, TestPluginCache.GetExtensionPaths: Added unfilterableExtensionPaths: 
TpTrace Verbose: 0 : 12428, 4, 2022/09/30, 21:33:27.210, 11588913461387, testhost.dll, TestPluginCache.DiscoverTestExtensions: Discovering the extensions using allExtensionPaths: C:\Users\Andy Tran\source\repos\spreadsheet-AndyTran97\Spreadsheet\FormulaTests\bin\Debug\net6.0\fine-code-coverage\build-output\Microsoft.VisualStudio.TestPlatform.MSTest.TestAdapter.dll
TpTrace Information: 0 : 12428, 4, 2022/09/30, 21:33:27.210, 11588913461615, testhost.dll, AssemblyResolver.AddSearchDirectories: Adding more searchDirectories C:\Users\Andy Tran\source\repos\spreadsheet-AndyTran97\Spreadsheet\FormulaTests\bin\Debug\net6.0\fine-code-coverage\build-output
TpTrace Verbose: 0 : 12428, 4, 2022/09/30, 21:33:27.210, 11588913462798, testhost.dll, TestPluginCache: Discovered the extensions using extension path ''.
TpTrace Verbose: 0 : 12428, 4, 2022/09/30, 21:33:27.210, 11588913463061, testhost.dll, TestPluginCache: Discoverers are ''.
TpTrace Verbose: 0 : 12428, 4, 2022/09/30, 21:33:27.210, 11588913463227, testhost.dll, TestPluginCache: Executors are 'executor://MSTestAdapter/v2'.
TpTrace Verbose: 0 : 12428, 4, 2022/09/30, 21:33:27.210, 11588913463799, testhost.dll, TestPluginCache: Executors2 are ''.
TpTrace Verbose: 0 : 12428, 4, 2022/09/30, 21:33:27.210, 11588913464052, testhost.dll, TestPluginCache: Setting providers are ''.
TpTrace Verbose: 0 : 12428, 4, 2022/09/30, 21:33:27.210, 11588913464211, testhost.dll, TestPluginCache: Loggers are ''.
TpTrace Verbose: 0 : 12428, 4, 2022/09/30, 21:33:27.211, 11588913469376, testhost.dll, TestExecutorService: Loaded the settings providers
TpTrace Information: 0 : 12428, 4, 2022/09/30, 21:33:27.211, 11588913469738, testhost.dll, TestExecutorService: Loaded the extensions
TpTrace Information: 0 : 12428, 4, 2022/09/30, 21:33:27.211, 11588913472678, testhost.dll, TestRequestHandler.OnMessageReceived: Running job 'TestExecution.StartWithSources'.
TpTrace Information: 0 : 12428, 4, 2022/09/30, 21:33:27.260, 11588913962758, testhost.dll, TestDiscoveryManager: Discovering tests from sources C:\Users\Andy Tran\source\repos\spreadsheet-AndyTran97\Spreadsheet\FormulaTests\bin\Debug\net6.0\fine-code-coverage\build-output\FormulaTests.dll
TpTrace Verbose: 0 : 12428, 4, 2022/09/30, 21:33:27.262, 11588913979983, testhost.dll, TestPluginCache.DiscoverTestExtensions: finding test extensions in assemblies ends with: TestAdapter.dll TPluginInfo: Microsoft.VisualStudio.TestPlatform.Common.ExtensionFramework.Utilities.TestDiscovererPluginInformation TExtension: Microsoft.VisualStudio.TestPlatform.ObjectModel.Adapter.ITestDiscoverer
TpTrace Verbose: 0 : 12428, 4, 2022/09/30, 21:33:27.262, 11588913980572, testhost.dll, TestPluginCache.GetExtensionPaths: Filtered extension paths: 
TpTrace Verbose: 0 : 12428, 4, 2022/09/30, 21:33:27.262, 11588913980791, testhost.dll, TestPluginCache.GetExtensionPaths: Added default extension paths: C:\Users\Andy Tran\source\repos\spreadsheet-AndyTran97\Spreadsheet\FormulaTests\bin\Debug\net6.0\fine-code-coverage\build-output\Microsoft.VisualStudio.TestPlatform.MSTest.TestAdapter.dll
TpTrace Verbose: 0 : 12428, 4, 2022/09/30, 21:33:27.262, 11588913980961, testhost.dll, TestPluginCache.GetExtensionPaths: Added unfilterableExtensionPaths: 
TpTrace Information: 0 : 12428, 4, 2022/09/30, 21:33:27.262, 11588913981784, testhost.dll, AssemblyResolver.AddSearchDirectories: Adding more searchDirectories C:\Users\Andy Tran\source\repos\spreadsheet-AndyTran97\Spreadsheet\FormulaTests\bin\Debug\net6.0\fine-code-coverage\build-output
TpTrace Verbose: 0 : 12428, 4, 2022/09/30, 21:33:27.262, 11588913982036, testhost.dll, TestPluginCache.DiscoverTestExtensions: Discovering the extensions using extension path.
TpTrace Verbose: 0 : 12428, 4, 2022/09/30, 21:33:27.262, 11588913982209, testhost.dll, TestPluginCache.GetExtensionPaths: Filtered extension paths: 
TpTrace Verbose: 0 : 12428, 4, 2022/09/30, 21:33:27.262, 11588913982398, testhost.dll, TestPluginCache.GetExtensionPaths: Added default extension paths: C:\Users\Andy Tran\source\repos\spreadsheet-AndyTran97\Spreadsheet\FormulaTests\bin\Debug\net6.0\fine-code-coverage\build-output\Microsoft.VisualStudio.TestPlatform.MSTest.TestAdapter.dll
TpTrace Verbose: 0 : 12428, 4, 2022/09/30, 21:33:27.262, 11588913982557, testhost.dll, TestPluginCache.GetExtensionPaths: Added unfilterableExtensionPaths: 
TpTrace Verbose: 0 : 12428, 4, 2022/09/30, 21:33:27.262, 11588913982742, testhost.dll, TestPluginCache.DiscoverTestExtensions: Discovering the extensions using allExtensionPaths: C:\Users\Andy Tran\source\repos\spreadsheet-AndyTran97\Spreadsheet\FormulaTests\bin\Debug\net6.0\fine-code-coverage\build-output\Microsoft.VisualStudio.TestPlatform.MSTest.TestAdapter.dll
TpTrace Information: 0 : 12428, 4, 2022/09/30, 21:33:27.262, 11588913983012, testhost.dll, AssemblyResolver.AddSearchDirectories: Adding more searchDirectories C:\Users\Andy Tran\source\repos\spreadsheet-AndyTran97\Spreadsheet\FormulaTests\bin\Debug\net6.0\fine-code-coverage\build-output
TpTrace Verbose: 0 : 12428, 4, 2022/09/30, 21:33:27.263, 11588913993509, testhost.dll, TestPluginCache: Discovered the extensions using extension path ''.
TpTrace Verbose: 0 : 12428, 4, 2022/09/30, 21:33:27.263, 11588913994509, testhost.dll, TestPluginCache: Discoverers are 'Microsoft.VisualStudio.TestPlatform.MSTest.TestAdapter.MSTestDiscoverer, Microsoft.VisualStudio.TestPlatform.MSTest.TestAdapter, Version=14.0.0.0, Culture=neutral, PublicKeyToken=b03f5f7f11d50a3a'.
TpTrace Verbose: 0 : 12428, 4, 2022/09/30, 21:33:27.263, 11588913994749, testhost.dll, TestPluginCache: Executors are 'executor://MSTestAdapter/v2'.
TpTrace Verbose: 0 : 12428, 4, 2022/09/30, 21:33:27.263, 11588913994915, testhost.dll, TestPluginCache: Executors2 are ''.
TpTrace Verbose: 0 : 12428, 4, 2022/09/30, 21:33:27.263, 11588913995068, testhost.dll, TestPluginCache: Setting providers are ''.
TpTrace Verbose: 0 : 12428, 4, 2022/09/30, 21:33:27.263, 11588913995216, testhost.dll, TestPluginCache: Loggers are ''.
TpTrace Verbose: 0 : 12428, 4, 2022/09/30, 21:33:27.267, 11588914030256, testhost.dll, BaseRunTests.RunTestInternalWithExecutors: Running tests for executor://MSTestAdapter/v2
TpTrace Information: 0 : 12428, 4, 2022/09/30, 21:33:27.267, 11588914032671, testhost.dll, AssemblyResolver.OnResolve: Microsoft.VisualStudio.TestPlatform.MSTestAdapter.PlatformServices.Interface: Resolving assembly.
TpTrace Information: 0 : 12428, 4, 2022/09/30, 21:33:27.267, 11588914033065, testhost.dll, AssemblyResolver.OnResolve: Microsoft.VisualStudio.TestPlatform.MSTestAdapter.PlatformServices.Interface: Searching in: 'C:\Users\Andy Tran\source\repos\spreadsheet-AndyTran97\Spreadsheet\FormulaTests\bin\Debug\net6.0\fine-code-coverage\build-output'.
TpTrace Information: 0 : 12428, 4, 2022/09/30, 21:33:27.267, 11588914034795, testhost.dll, AssemblyResolver.OnResolve: Microsoft.VisualStudio.TestPlatform.MSTestAdapter.PlatformServices.Interface: Loading assembly 'C:\Users\Andy Tran\source\repos\spreadsheet-AndyTran97\Spreadsheet\FormulaTests\bin\Debug\net6.0\fine-code-coverage\build-output\Microsoft.VisualStudio.TestPlatform.MSTestAdapter.PlatformServices.Interface.dll'.
TpTrace Information: 0 : 12428, 4, 2022/09/30, 21:33:27.268, 11588914037392, testhost.dll, AssemblyResolver.OnResolve: Resolved assembly: Microsoft.VisualStudio.TestPlatform.MSTestAdapter.PlatformServices.Interface, from path: C:\Users\Andy Tran\source\repos\spreadsheet-AndyTran97\Spreadsheet\FormulaTests\bin\Debug\net6.0\fine-code-coverage\build-output\Microsoft.VisualStudio.TestPlatform.MSTestAdapter.PlatformServices.Interface.dll
TpTrace Information: 0 : 12428, 4, 2022/09/30, 21:33:27.268, 11588914043853, testhost.dll, AssemblyResolver.OnResolve: Microsoft.VisualStudio.TestPlatform.MSTestAdapter.PlatformServices: Resolving assembly.
TpTrace Information: 0 : 12428, 4, 2022/09/30, 21:33:27.268, 11588914044237, testhost.dll, AssemblyResolver.OnResolve: Microsoft.VisualStudio.TestPlatform.MSTestAdapter.PlatformServices: Searching in: 'C:\Users\Andy Tran\source\repos\spreadsheet-AndyTran97\Spreadsheet\FormulaTests\bin\Debug\net6.0\fine-code-coverage\build-output'.
TpTrace Information: 0 : 12428, 4, 2022/09/30, 21:33:27.269, 11588914045666, testhost.dll, AssemblyResolver.OnResolve: Microsoft.VisualStudio.TestPlatform.MSTestAdapter.PlatformServices: Loading assembly 'C:\Users\Andy Tran\source\repos\spreadsheet-AndyTran97\Spreadsheet\FormulaTests\bin\Debug\net6.0\fine-code-coverage\build-output\Microsoft.VisualStudio.TestPlatform.MSTestAdapter.PlatformServices.dll'.
TpTrace Information: 0 : 12428, 4, 2022/09/30, 21:33:27.269, 11588914048240, testhost.dll, AssemblyResolver.OnResolve: Resolved assembly: Microsoft.VisualStudio.TestPlatform.MSTestAdapter.PlatformServices, from path: C:\Users\Andy Tran\source\repos\spreadsheet-AndyTran97\Spreadsheet\FormulaTests\bin\Debug\net6.0\fine-code-coverage\build-output\Microsoft.VisualStudio.TestPlatform.MSTestAdapter.PlatformServices.dll
TpTrace Information: 0 : 12428, 4, 2022/09/30, 21:33:27.269, 11588914049788, testhost.dll, MSTest - MSTestExecutor.RunTests: Running tests from sources.
TpTrace Information: 0 : 12428, 4, 2022/09/30, 21:33:27.271, 11588914067701, testhost.dll, MSTest - CollectSourceInformation value Found : False 
TpTrace Information: 0 : 12428, 4, 2022/09/30, 21:33:27.283, 11588914189212, testhost.dll, MSTest - DictionaryHelper.ConcatWithOverwrites: The source is null or empty, returning the overwrite dictionary.
TpTrace Information: 0 : 12428, 4, 2022/09/30, 21:33:27.286, 11588914223277, testhost.dll, MSTest - DictionaryHelper.ConcatWithOverwrites: The source is null or empty, returning the overwrite dictionary.
TpTrace Information: 0 : 12428, 4, 2022/09/30, 21:33:27.286, 11588914224454, testhost.dll, MSTest - DictionaryHelper.ConcatWithOverwrites: The source is null or empty, returning the overwrite dictionary.
TpTrace Information: 0 : 12428, 4, 2022/09/30, 21:33:27.286, 11588914225089, testhost.dll, MSTest - DictionaryHelper.ConcatWithOverwrites: The source is null or empty, returning the overwrite dictionary.
TpTrace Information: 0 : 12428, 4, 2022/09/30, 21:33:27.287, 11588914226166, testhost.dll, MSTest - DictionaryHelper.ConcatWithOverwrites: The source is null or empty, returning the overwrite dictionary.
TpTrace Information: 0 : 12428, 4, 2022/09/30, 21:33:27.291, 11588914268402, testhost.dll, AssemblyResolver.OnResolve: Microsoft.TestPlatform.AdapterUtilities: Resolving assembly.
TpTrace Information: 0 : 12428, 4, 2022/09/30, 21:33:27.291, 11588914268801, testhost.dll, AssemblyResolver.OnResolve: Microsoft.TestPlatform.AdapterUtilities: Searching in: 'C:\Users\Andy Tran\source\repos\spreadsheet-AndyTran97\Spreadsheet\FormulaTests\bin\Debug\net6.0\fine-code-coverage\build-output'.
TpTrace Information: 0 : 12428, 4, 2022/09/30, 21:33:27.291, 11588914270242, testhost.dll, AssemblyResolver.OnResolve: Microsoft.TestPlatform.AdapterUtilities: Loading assembly 'C:\Users\Andy Tran\source\repos\spreadsheet-AndyTran97\Spreadsheet\FormulaTests\bin\Debug\net6.0\fine-code-coverage\build-output\Microsoft.TestPlatform.AdapterUtilities.dll'.
TpTrace Information: 0 : 12428, 4, 2022/09/30, 21:33:27.291, 11588914272395, testhost.dll, AssemblyResolver.OnResolve: Resolved assembly: Microsoft.TestPlatform.AdapterUtilities, from path: C:\Users\Andy Tran\source\repos\spreadsheet-AndyTran97\Spreadsheet\FormulaTests\bin\Debug\net6.0\fine-code-coverage\build-output\Microsoft.TestPlatform.AdapterUtilities.dll
TpTrace Information: 0 : 12428, 4, 2022/09/30, 21:33:27.306, 11588914420685, testhost.dll, MSTest - DictionaryHelper.ConcatWithOverwrites: The source is null or empty, returning the overwrite dictionary.
TpTrace Information: 0 : 12428, 4, 2022/09/30, 21:33:27.306, 11588914421601, testhost.dll, MSTest - MSTestDiscoverer: Found 17 tests from source C:\Users\Andy Tran\source\repos\spreadsheet-AndyTran97\Spreadsheet\FormulaTests\bin\Debug\net6.0\fine-code-coverage\build-output\FormulaTests.dll
TpTrace Information: 0 : 12428, 4, 2022/09/30, 21:33:27.316, 11588914521712, testhost.dll, AssemblyResolver.OnResolve: Microsoft.VisualStudio.TestPlatform.MSTestAdapter.PlatformServices.resources: Resolving assembly.
TpTrace Information: 0 : 12428, 4, 2022/09/30, 21:33:27.316, 11588914522316, testhost.dll, AssemblyResolver.OnResolve: Microsoft.VisualStudio.TestPlatform.MSTestAdapter.PlatformServices.resources: Searching in: 'C:\Users\Andy Tran\source\repos\spreadsheet-AndyTran97\Spreadsheet\FormulaTests\bin\Debug\net6.0\fine-code-coverage\build-output'.
TpTrace Information: 0 : 12428, 4, 2022/09/30, 21:33:27.316, 11588914522876, testhost.dll, AssemblyResolver.OnResolve: Microsoft.VisualStudio.TestPlatform.MSTestAdapter.PlatformServices.resources: Assembly path does not exist: 'C:\Users\Andy Tran\source\repos\spreadsheet-AndyTran97\Spreadsheet\FormulaTests\bin\Debug\net6.0\fine-code-coverage\build-output\Microsoft.VisualStudio.TestPlatform.MSTestAdapter.PlatformServices.resources.dll', returning.
TpTrace Information: 0 : 12428, 4, 2022/09/30, 21:33:27.316, 11588914523334, testhost.dll, AssemblyResolver.OnResolve: Microsoft.VisualStudio.TestPlatform.MSTestAdapter.PlatformServices.resources: Assembly path does not exist: 'C:\Users\Andy Tran\source\repos\spreadsheet-AndyTran97\Spreadsheet\FormulaTests\bin\Debug\net6.0\fine-code-coverage\build-output\Microsoft.VisualStudio.TestPlatform.MSTestAdapter.PlatformServices.resources.exe', returning.
TpTrace Information: 0 : 12428, 4, 2022/09/30, 21:33:27.316, 11588914523555, testhost.dll, AssemblyResolver.OnResolve: Microsoft.VisualStudio.TestPlatform.MSTestAdapter.PlatformServices.resources: Failed to load assembly.
TpTrace Information: 0 : 12428, 4, 2022/09/30, 21:33:27.316, 11588914525397, testhost.dll, AssemblyResolver.OnResolve: Microsoft.VisualStudio.TestPlatform.MSTestAdapter.PlatformServices.resources: Resolving assembly.
TpTrace Information: 0 : 12428, 4, 2022/09/30, 21:33:27.317, 11588914525701, testhost.dll, AssemblyResolver.OnResolve: Microsoft.VisualStudio.TestPlatform.MSTestAdapter.PlatformServices.resources: Resolved from cache.
TpTrace Information: 0 : 12428, 4, 2022/09/30, 21:33:27.322, 11588914581723, testhost.dll, MSTest - Created unit-test runner C:\Users\Andy Tran\source\repos\spreadsheet-AndyTran97\Spreadsheet\FormulaTests\bin\Debug\net6.0\fine-code-coverage\build-output\FormulaTests.dll
TpTrace Verbose: 0 : 12428, 4, 2022/09/30, 21:33:27.326, 11588914616378, testhost.dll, TestExecutionRecorder.RecordStart: Starting test: FormulaTest.UnitTest1.TestForException1.
TpTrace Information: 0 : 12428, 4, 2022/09/30, 21:33:27.362, 11588914984430, testhost.dll, MSTest - Executing test TestForException1
TpTrace Information: 0 : 12428, 4, 2022/09/30, 21:33:27.385, 11588915206460, testhost.dll, MSTest - Executed test TestForException1
TpTrace Verbose: 0 : 12428, 4, 2022/09/30, 21:33:27.387, 11588915233185, testhost.dll, TestExecutionRecorder.RecordEnd: test: FormulaTest.UnitTest1.TestForException1 execution completed.
TpTrace Verbose: 0 : 12428, 4, 2022/09/30, 21:33:27.395, 11588915315177, testhost.dll, TestExecutionRecorder.RecordResult: Received result for test: FormulaTest.UnitTest1.TestForException1.
TpTrace Warning: 0 : 12428, 4, 2022/09/30, 21:33:27.398, 11588915343451, testhost.dll, TestRunCache: InProgressTests is null
TpTrace Warning: 0 : 12428, 4, 2022/09/30, 21:33:27.398, 11588915344188, testhost.dll, TestRunCache: No test found corresponding to testResult 'TestForException1' in inProgress list.
TpTrace Verbose: 0 : 12428, 4, 2022/09/30, 21:33:27.398, 11588915344675, testhost.dll, TestExecutionRecorder.RecordStart: Starting test: FormulaTest.UnitTest1.TestForException2.
TpTrace Information: 0 : 12428, 4, 2022/09/30, 21:33:27.399, 11588915353135, testhost.dll, MSTest - Executing test TestForException2
TpTrace Information: 0 : 12428, 4, 2022/09/30, 21:33:27.400, 11588915358523, testhost.dll, MSTest - Executed test TestForException2
TpTrace Verbose: 0 : 12428, 4, 2022/09/30, 21:33:27.400, 11588915358899, testhost.dll, TestExecutionRecorder.RecordEnd: test: FormulaTest.UnitTest1.TestForException2 execution completed.
TpTrace Verbose: 0 : 12428, 4, 2022/09/30, 21:33:27.401, 11588915371234, testhost.dll, TestExecutionRecorder.RecordResult: Received result for test: FormulaTest.UnitTest1.TestForException2.
TpTrace Warning: 0 : 12428, 4, 2022/09/30, 21:33:27.401, 11588915371981, testhost.dll, TestRunCache: InProgressTests is null
TpTrace Warning: 0 : 12428, 4, 2022/09/30, 21:33:27.401, 11588915372174, testhost.dll, TestRunCache: No test found corresponding to testResult 'TestForException2' in inProgress list.
TpTrace Verbose: 0 : 12428, 4, 2022/09/30, 21:33:27.401, 11588915372629, testhost.dll, TestExecutionRecorder.RecordStart: Starting test: FormulaTest.UnitTest1.TestForException3.
TpTrace Information: 0 : 12428, 4, 2022/09/30, 21:33:27.402, 11588915380440, testhost.dll, MSTest - Executing test TestForException3
TpTrace Information: 0 : 12428, 4, 2022/09/30, 21:33:27.403, 11588915386784, testhost.dll, MSTest - Executed test TestForException3
TpTrace Verbose: 0 : 12428, 4, 2022/09/30, 21:33:27.403, 11588915387118, testhost.dll, TestExecutionRecorder.RecordEnd: test: FormulaTest.UnitTest1.TestForException3 execution completed.
TpTrace Verbose: 0 : 12428, 4, 2022/09/30, 21:33:27.403, 11588915394656, testhost.dll, TestExecutionRecorder.RecordResult: Received result for test: FormulaTest.UnitTest1.TestForException3.
TpTrace Warning: 0 : 12428, 4, 2022/09/30, 21:33:27.403, 11588915395052, testhost.dll, TestRunCache: InProgressTests is null
TpTrace Warning: 0 : 12428, 4, 2022/09/30, 21:33:27.403, 11588915395249, testhost.dll, TestRunCache: No test found corresponding to testResult 'TestForException3' in inProgress list.
TpTrace Verbose: 0 : 12428, 4, 2022/09/30, 21:33:27.403, 11588915395529, testhost.dll, TestExecutionRecorder.RecordStart: Starting test: FormulaTest.UnitTest1.TestForException4.
TpTrace Information: 0 : 12428, 4, 2022/09/30, 21:33:27.404, 11588915402665, testhost.dll, MSTest - Executing test TestForException4
TpTrace Information: 0 : 12428, 4, 2022/09/30, 21:33:27.405, 11588915406689, testhost.dll, MSTest - Executed test TestForException4
TpTrace Verbose: 0 : 12428, 4, 2022/09/30, 21:33:27.405, 11588915407004, testhost.dll, TestExecutionRecorder.RecordEnd: test: FormulaTest.UnitTest1.TestForException4 execution completed.
TpTrace Verbose: 0 : 12428, 4, 2022/09/30, 21:33:27.405, 11588915414406, testhost.dll, TestExecutionRecorder.RecordResult: Received result for test: FormulaTest.UnitTest1.TestForException4.
TpTrace Warning: 0 : 12428, 4, 2022/09/30, 21:33:27.405, 11588915414730, testhost.dll, TestRunCache: InProgressTests is null
TpTrace Warning: 0 : 12428, 4, 2022/09/30, 21:33:27.405, 11588915414901, testhost.dll, TestRunCache: No test found corresponding to testResult 'TestForException4' in inProgress list.
TpTrace Verbose: 0 : 12428, 4, 2022/09/30, 21:33:27.405, 11588915415168, testhost.dll, TestExecutionRecorder.RecordStart: Starting test: FormulaTest.UnitTest1.TestForException5.
TpTrace Information: 0 : 12428, 4, 2022/09/30, 21:33:27.406, 11588915422110, testhost.dll, MSTest - Executing test TestForException5
TpTrace Information: 0 : 12428, 4, 2022/09/30, 21:33:27.407, 11588915426207, testhost.dll, MSTest - Executed test TestForException5
TpTrace Verbose: 0 : 12428, 4, 2022/09/30, 21:33:27.407, 11588915426529, testhost.dll, TestExecutionRecorder.RecordEnd: test: FormulaTest.UnitTest1.TestForException5 execution completed.
TpTrace Verbose: 0 : 12428, 4, 2022/09/30, 21:33:27.407, 11588915435034, testhost.dll, TestExecutionRecorder.RecordResult: Received result for test: FormulaTest.UnitTest1.TestForException5.
TpTrace Warning: 0 : 12428, 4, 2022/09/30, 21:33:27.407, 11588915435373, testhost.dll, TestRunCache: InProgressTests is null
TpTrace Warning: 0 : 12428, 4, 2022/09/30, 21:33:27.408, 11588915435590, testhost.dll, TestRunCache: No test found corresponding to testResult 'TestForException5' in inProgress list.
TpTrace Verbose: 0 : 12428, 4, 2022/09/30, 21:33:27.408, 11588915435877, testhost.dll, TestExecutionRecorder.RecordStart: Starting test: FormulaTest.UnitTest1.TestForException6.
TpTrace Information: 0 : 12428, 4, 2022/09/30, 21:33:27.408, 11588915442786, testhost.dll, MSTest - Executing test TestForException6
TpTrace Information: 0 : 12428, 4, 2022/09/30, 21:33:27.409, 11588915446864, testhost.dll, MSTest - Executed test TestForException6
TpTrace Verbose: 0 : 12428, 4, 2022/09/30, 21:33:27.409, 11588915447185, testhost.dll, TestExecutionRecorder.RecordEnd: test: FormulaTest.UnitTest1.TestForException6 execution completed.
TpTrace Verbose: 0 : 12428, 4, 2022/09/30, 21:33:27.409, 11588915454302, testhost.dll, TestExecutionRecorder.RecordResult: Received result for test: FormulaTest.UnitTest1.TestForException6.
TpTrace Warning: 0 : 12428, 4, 2022/09/30, 21:33:27.409, 11588915454630, testhost.dll, TestRunCache: InProgressTests is null
TpTrace Warning: 0 : 12428, 4, 2022/09/30, 21:33:27.409, 11588915454799, testhost.dll, TestRunCache: No test found corresponding to testResult 'TestForException6' in inProgress list.
TpTrace Verbose: 0 : 12428, 4, 2022/09/30, 21:33:27.409, 11588915455069, testhost.dll, TestExecutionRecorder.RecordStart: Starting test: FormulaTest.UnitTest1.TestForException7.
TpTrace Information: 0 : 12428, 4, 2022/09/30, 21:33:27.410, 11588915461956, testhost.dll, MSTest - Executing test TestForException7
TpTrace Information: 0 : 12428, 4, 2022/09/30, 21:33:27.410, 11588915465547, testhost.dll, MSTest - Executed test TestForException7
TpTrace Verbose: 0 : 12428, 4, 2022/09/30, 21:33:27.411, 11588915465895, testhost.dll, TestExecutionRecorder.RecordEnd: test: FormulaTest.UnitTest1.TestForException7 execution completed.
TpTrace Verbose: 0 : 12428, 4, 2022/09/30, 21:33:27.411, 11588915473375, testhost.dll, TestExecutionRecorder.RecordResult: Received result for test: FormulaTest.UnitTest1.TestForException7.
TpTrace Warning: 0 : 12428, 4, 2022/09/30, 21:33:27.411, 11588915473804, testhost.dll, TestRunCache: InProgressTests is null
TpTrace Warning: 0 : 12428, 4, 2022/09/30, 21:33:27.411, 11588915473985, testhost.dll, TestRunCache: No test found corresponding to testResult 'TestForException7' in inProgress list.
TpTrace Verbose: 0 : 12428, 4, 2022/09/30, 21:33:27.411, 11588915474333, testhost.dll, TestExecutionRecorder.RecordStart: Starting test: FormulaTest.UnitTest1.TestForException8.
TpTrace Information: 0 : 12428, 4, 2022/09/30, 21:33:27.412, 11588915481887, testhost.dll, MSTest - Executing test TestForException8
TpTrace Information: 0 : 12428, 4, 2022/09/30, 21:33:27.412, 11588915485525, testhost.dll, MSTest - Executed test TestForException8
TpTrace Verbose: 0 : 12428, 4, 2022/09/30, 21:33:27.413, 11588915485889, testhost.dll, TestExecutionRecorder.RecordEnd: test: FormulaTest.UnitTest1.TestForException8 execution completed.
TpTrace Verbose: 0 : 12428, 4, 2022/09/30, 21:33:27.413, 11588915493982, testhost.dll, TestExecutionRecorder.RecordResult: Received result for test: FormulaTest.UnitTest1.TestForException8.
TpTrace Warning: 0 : 12428, 4, 2022/09/30, 21:33:27.413, 11588915494314, testhost.dll, TestRunCache: InProgressTests is null
TpTrace Warning: 0 : 12428, 4, 2022/09/30, 21:33:27.413, 11588915494485, testhost.dll, TestRunCache: No test found corresponding to testResult 'TestForException8' in inProgress list.
TpTrace Verbose: 0 : 12428, 4, 2022/09/30, 21:33:27.413, 11588915494815, testhost.dll, TestExecutionRecorder.RecordStart: Starting test: FormulaTest.UnitTest1.TestForException9.
TpTrace Information: 0 : 12428, 4, 2022/09/30, 21:33:27.414, 11588915501919, testhost.dll, MSTest - Executing test TestForException9
TpTrace Information: 0 : 12428, 4, 2022/09/30, 21:33:27.414, 11588915505279, testhost.dll, MSTest - Executed test TestForException9
TpTrace Verbose: 0 : 12428, 4, 2022/09/30, 21:33:27.415, 11588915505596, testhost.dll, TestExecutionRecorder.RecordEnd: test: FormulaTest.UnitTest1.TestForException9 execution completed.
TpTrace Verbose: 0 : 12428, 4, 2022/09/30, 21:33:27.415, 11588915512834, testhost.dll, TestExecutionRecorder.RecordResult: Received result for test: FormulaTest.UnitTest1.TestForException9.
TpTrace Warning: 0 : 12428, 4, 2022/09/30, 21:33:27.415, 11588915513223, testhost.dll, TestRunCache: InProgressTests is null
TpTrace Warning: 0 : 12428, 4, 2022/09/30, 21:33:27.415, 11588915513434, testhost.dll, TestRunCache: No test found corresponding to testResult 'TestForException9' in inProgress list.
TpTrace Verbose: 0 : 12428, 4, 2022/09/30, 21:33:27.415, 11588915513709, testhost.dll, TestExecutionRecorder.RecordStart: Starting test: FormulaTest.UnitTest1.TestForUnknownVariable.
TpTrace Information: 0 : 12428, 4, 2022/09/30, 21:33:27.417, 11588915528675, testhost.dll, Sending test run statistics
TpTrace Verbose: 0 : 12428, 4, 2022/09/30, 21:33:27.434, 11588915702354, testhost.dll, TestRequestHandler.SendData:  sending data from testhost: {"Version":5,"MessageType":"TestExecution.StatsChange","Payload":{"NewTestResults":[{"TestCase":{"Id":"d2d6a3d9-503c-4b2d-b36c-1421951e710e","FullyQualifiedName":"FormulaTest.UnitTest1.TestForException1","DisplayName":"TestForException1","ExecutorUri":"executor://MSTestAdapter/v2","Source":"C:\\Users\\Andy Tran\\source\\repos\\spreadsheet-AndyTran97\\Spreadsheet\\FormulaTests\\bin\\Debug\\net6.0\\fine-code-coverage\\build-output\\FormulaTests.dll","CodeFilePath":null,"LineNumber":-1,"Properties":[{"Key":{"Id":"TestCase.ManagedType","Label":"ManagedType","Category":"","Description":"","Attributes":1,"ValueType":"System.String"},"Value":"FormulaTest.UnitTest1"},{"Key":{"Id":"TestCase.ManagedMethod","Label":"ManagedMethod","Category":"","Description":"","Attributes":1,"ValueType":"System.String"},"Value":"TestForException1"},{"Key":{"Id":"MSTestDiscoverer.TestClassName","Label":"ClassName","Category":"","Description":"","Attributes":1,"ValueType":"System.String"},"Value":"FormulaTest.UnitTest1"},{"Key":{"Id":"TestCase.Hierarchy","Label":"Hierarchy","Category":"","Description":"","Attributes":2,"ValueType":"System.String[]"},"Value":["FormulaTest","UnitTest1"]},{"Key":{"Id":"TestObject.Traits","Label":"Traits","Category":"","Description":"","Attributes":5,"ValueType":"System.Collections.Generic.KeyValuePair`2[[System.String],[System.String]][]"},"Value":[]}]},"Attachments":[],"Outcome":1,"ErrorMessage":null,"ErrorStackTrace":null,"DisplayName":"TestForException1","Messages":[],"ComputerName":null,"Duration":"00:00:00.0129180","StartTime":"2022-09-30T21:33:27.3628254-06:00","EndTime":"2022-09-30T21:33:27.3851597-06:00","Properties":[{"Key":{"Id":"ExecutionId","Label":"ExecutionId","Category":"","Description":"","Attributes":1,"ValueType":"System.Guid"},"Value":"00000000-0000-0000-0000-000000000000"},{"Key":{"Id":"ParentExecId","Label":"ParentExecId","Category":"","Description":"","Attributes":1,"ValueType":"System.Guid"},"Value":"00000000-0000-0000-0000-000000000000"},{"Key":{"Id":"InnerResultsCount","Label":"InnerResultsCount","Category":"","Description":"","Attributes":1,"ValueType":"System.Int32"},"Value":0}]},{"TestCase":{"Id":"1e066500-d69a-29a5-fd15-e316f266abf4","FullyQualifiedName":"FormulaTest.UnitTest1.TestForException2","DisplayName":"TestForException2","ExecutorUri":"executor://MSTestAdapter/v2","Source":"C:\\Users\\Andy Tran\\source\\repos\\spreadsheet-AndyTran97\\Spreadsheet\\FormulaTests\\bin\\Debug\\net6.0\\fine-code-coverage\\build-output\\FormulaTests.dll","CodeFilePath":null,"LineNumber":-1,"Properties":[{"Key":{"Id":"TestCase.ManagedType","Label":"ManagedType","Category":"","Description":"","Attributes":1,"ValueType":"System.String"},"Value":"FormulaTest.UnitTest1"},{"Key":{"Id":"TestCase.ManagedMethod","Label":"ManagedMethod","Category":"","Description":"","Attributes":1,"ValueType":"System.String"},"Value":"TestForException2"},{"Key":{"Id":"MSTestDiscoverer.TestClassName","Label":"ClassName","Category":"","Description":"","Attributes":1,"ValueType":"System.String"},"Value":"FormulaTest.UnitTest1"},{"Key":{"Id":"TestCase.Hierarchy","Label":"Hierarchy","Category":"","Description":"","Attributes":2,"ValueType":"System.String[]"},"Value":["FormulaTest","UnitTest1"]},{"Key":{"Id":"TestObject.Traits","Label":"Traits","Category":"","Description":"","Attributes":5,"ValueType":"System.Collections.Generic.KeyValuePair`2[[System.String],[System.String]][]"},"Value":[]}]},"Attachments":[],"Outcome":1,"ErrorMessage":null,"ErrorStackTrace":null,"DisplayName":"TestForException2","Messages":[],"ComputerName":null,"Duration":"00:00:00.0004093","StartTime":"2022-09-30T21:33:27.3997522-06:00","EndTime":"2022-09-30T21:33:27.4003224-06:00","Properties":[{"Key":{"Id":"ExecutionId","Label":"ExecutionId","Category":"","Description":"","Attributes":1,"ValueType":"System.Guid"},"Value":"00000000-0000-0000-0000-000000000000"},{"Key":{"Id":"ParentExecId","Label":"ParentExecId","Category":"","Description":"","Attributes":1,"ValueType":"System.Guid"},"Value":"00000000-0000-0000-0000-000000000000"},{"Key":{"Id":"InnerResultsCount","Label":"InnerResultsCount","Category":"","Description":"","Attributes":1,"ValueType":"System.Int32"},"Value":0}]},{"TestCase":{"Id":"de328cf1-2a17-9dfb-1320-af09e338b0d7","FullyQualifiedName":"FormulaTest.UnitTest1.TestForException3","DisplayName":"TestForException3","ExecutorUri":"executor://MSTestAdapter/v2","Source":"C:\\Users\\Andy Tran\\source\\repos\\spreadsheet-AndyTran97\\Spreadsheet\\FormulaTests\\bin\\Debug\\net6.0\\fine-code-coverage\\build-output\\FormulaTests.dll","CodeFilePath":null,"LineNumber":-1,"Properties":[{"Key":{"Id":"TestCase.ManagedType","Label":"ManagedType","Category":"","Description":"","Attributes":1,"ValueType":"System.String"},"Value":"FormulaTest.UnitTest1"},{"Key":{"Id":"TestCase.ManagedMethod","Label":"ManagedMethod","Category":"","Description":"","Attributes":1,"ValueType":"System.String"},"Value":"TestForException3"},{"Key":{"Id":"MSTestDiscoverer.TestClassName","Label":"ClassName","Category":"","Description":"","Attributes":1,"ValueType":"System.String"},"Value":"FormulaTest.UnitTest1"},{"Key":{"Id":"TestCase.Hierarchy","Label":"Hierarchy","Category":"","Description":"","Attributes":2,"ValueType":"System.String[]"},"Value":["FormulaTest","UnitTest1"]},{"Key":{"Id":"TestObject.Traits","Label":"Traits","Category":"","Description":"","Attributes":5,"ValueType":"System.Collections.Generic.KeyValuePair`2[[System.String],[System.String]][]"},"Value":[]}]},"Attachments":[],"Outcome":1,"ErrorMessage":null,"ErrorStackTrace":null,"DisplayName":"TestForException3","Messages":[],"ComputerName":null,"Duration":"00:00:00.0004932","StartTime":"2022-09-30T21:33:27.4024825-06:00","EndTime":"2022-09-30T21:33:27.4031492-06:00","Properties":[{"Key":{"Id":"ExecutionId","Label":"ExecutionId","Category":"","Description":"","Attributes":1,"ValueType":"System.Guid"},"Value":"00000000-0000-0000-0000-000000000000"},{"Key":{"Id":"ParentExecId","Label":"ParentExecId","Category":"","Description":"","Attributes":1,"ValueType":"System.Guid"},"Value":"00000000-0000-0000-0000-000000000000"},{"Key":{"Id":"InnerResultsCount","Label":"InnerResultsCount","Category":"","Description":"","Attributes":1,"ValueType":"System.Int32"},"Value":0}]},{"TestCase":{"Id":"9617f5ef-86cf-8c27-92f6-ee674ccf295d","FullyQualifiedName":"FormulaTest.UnitTest1.TestForException4","DisplayName":"TestForException4","ExecutorUri":"executor://MSTestAdapter/v2","Source":"C:\\Users\\Andy Tran\\source\\repos\\spreadsheet-AndyTran97\\Spreadsheet\\FormulaTests\\bin\\Debug\\net6.0\\fine-code-coverage\\build-output\\FormulaTests.dll","CodeFilePath":null,"LineNumber":-1,"Properties":[{"Key":{"Id":"TestCase.ManagedType","Label":"ManagedType","Category":"","Description":"","Attributes":1,"ValueType":"System.String"},"Value":"FormulaTest.UnitTest1"},{"Key":{"Id":"TestCase.ManagedMethod","Label":"ManagedMethod","Category":"","Description":"","Attributes":1,"ValueType":"System.String"},"Value":"TestForException4"},{"Key":{"Id":"MSTestDiscoverer.TestClassName","Label":"ClassName","Category":"","Description":"","Attributes":1,"ValueType":"System.String"},"Value":"FormulaTest.UnitTest1"},{"Key":{"Id":"TestCase.Hierarchy","Label":"Hierarchy","Category":"","Description":"","Attributes":2,"ValueType":"System.String[]"},"Value":["FormulaTest","UnitTest1"]},{"Key":{"Id":"TestObject.Traits","Label":"Traits","Category":"","Description":"","Attributes":5,"ValueType":"System.Collections.Generic.KeyValuePair`2[[System.String],[System.String]][]"},"Value":[]}]},"Attachments":[],"Outcome":1,"ErrorMessage":null,"ErrorStackTrace":null,"DisplayName":"TestForException4","Messages":[],"ComputerName":null,"Duration":"00:00:00.0003122","StartTime":"2022-09-30T21:33:27.4047065-06:00","EndTime":"2022-09-30T21:33:27.405139-06:00","Properties":[{"Key":{"Id":"ExecutionId","Label":"ExecutionId","Category":"","Description":"","Attributes":1,"ValueType":"System.Guid"},"Value":"00000000-0000-0000-0000-000000000000"},{"Key":{"Id":"ParentExecId","Label":"ParentExecId","Category":"","Description":"","Attributes":1,"ValueType":"System.Guid"},"Value":"00000000-0000-0000-0000-000000000000"},{"Key":{"Id":"InnerResultsCount","Label":"InnerResultsCount","Category":"","Description":"","Attributes":1,"ValueType":"System.Int32"},"Value":0}]},{"TestCase":{"Id":"2860f6dc-e5ad-38e8-95be-5266e25165af","FullyQualifiedName":"FormulaTest.UnitTest1.TestForException5","DisplayName":"TestForException5","ExecutorUri":"executor://MSTestAdapter/v2","Source":"C:\\Users\\Andy Tran\\source\\repos\\spreadsheet-AndyTran97\\Spreadsheet\\FormulaTests\\bin\\Debug\\net6.0\\fine-code-coverage\\build-output\\FormulaTests.dll","CodeFilePath":null,"LineNumber":-1,"Properties":[{"Key":{"Id":"TestCase.ManagedType","Label":"ManagedType","Category":"","Description":"","Attributes":1,"ValueType":"System.String"},"Value":"FormulaTest.UnitTest1"},{"Key":{"Id":"TestCase.ManagedMethod","Label":"ManagedMethod","Category":"","Description":"","Attributes":1,"ValueType":"System.String"},"Value":"TestForException5"},{"Key":{"Id":"MSTestDiscoverer.TestClassName","Label":"ClassName","Category":"","Description":"","Attributes":1,"ValueType":"System.String"},"Value":"FormulaTest.UnitTest1"},{"Key":{"Id":"TestCase.Hierarchy","Label":"Hierarchy","Category":"","Description":"","Attributes":2,"ValueType":"System.String[]"},"Value":["FormulaTest","UnitTest1"]},{"Key":{"Id":"TestObject.Traits","Label":"Traits","Category":"","Description":"","Attributes":5,"ValueType":"System.Collections.Generic.KeyValuePair`2[[System.String],[System.String]][]"},"Value":[]}]},"Attachments":[],"Outcome":1,"ErrorMessage":null,"ErrorStackTrace":null,"DisplayName":"TestForException5","Messages":[],"ComputerName":null,"Duration":"00:00:00.0003189","StartTime":"2022-09-30T21:33:27.4066511-06:00","EndTime":"2022-09-30T21:33:27.4070914-06:00","Properties":[{"Key":{"Id":"ExecutionId","Label":"ExecutionId","Category":"","Description":"","Attributes":1,"ValueType":"System.Guid"},"Value":"00000000-0000-0000-0000-000000000000"},{"Key":{"Id":"ParentExecId","Label":"ParentExecId","Category":"","Description":"","Attributes":1,"ValueType":"System.Guid"},"Value":"00000000-0000-0000-0000-000000000000"},{"Key":{"Id":"InnerResultsCount","Label":"InnerResultsCount","Category":"","Description":"","Attributes":1,"ValueType":"System.Int32"},"Value":0}]},{"TestCase":{"Id":"62a36f98-e566-8887-d101-1ad2e9eb6705","FullyQualifiedName":"FormulaTest.UnitTest1.TestForException6","DisplayName":"TestForException6","ExecutorUri":"executor://MSTestAdapter/v2","Source":"C:\\Users\\Andy Tran\\source\\repos\\spreadsheet-AndyTran97\\Spreadsheet\\FormulaTests\\bin\\Debug\\net6.0\\fine-code-coverage\\build-output\\FormulaTests.dll","CodeFilePath":null,"LineNumber":-1,"Properties":[{"Key":{"Id":"TestCase.ManagedType","Label":"ManagedType","Category":"","Description":"","Attributes":1,"ValueType":"System.String"},"Value":"FormulaTest.UnitTest1"},{"Key":{"Id":"TestCase.ManagedMethod","Label":"ManagedMethod","Category":"","Description":"","Attributes":1,"ValueType":"System.String"},"Value":"TestForException6"},{"Key":{"Id":"MSTestDiscoverer.TestClassName","Label":"ClassName","Category":"","Description":"","Attributes":1,"ValueType":"System.String"},"Value":"FormulaTest.UnitTest1"},{"Key":{"Id":"TestCase.Hierarchy","Label":"Hierarchy","Category":"","Description":"","Attributes":2,"ValueType":"System.String[]"},"Value":["FormulaTest","UnitTest1"]},{"Key":{"Id":"TestObject.Traits","Label":"Traits","Category":"","Description":"","Attributes":5,"ValueType":"System.Collections.Generic.KeyValuePair`2[[System.String],[System.String]][]"},"Value":[]}]},"Attachments":[],"Outcome":1,"ErrorMessage":null,"ErrorStackTrace":null,"DisplayName":"TestForException6","Messages":[],"ComputerName":null,"Duration":"00:00:00.0003152","StartTime":"2022-09-30T21:33:27.4087185-06:00","EndTime":"2022-09-30T21:33:27.4091571-06:00","Properties":[{"Key":{"Id":"ExecutionId","Label":"ExecutionId","Category":"","Description":"","Attributes":1,"ValueType":"System.Guid"},"Value":"00000000-0000-0000-0000-000000000000"},{"Key":{"Id":"ParentExecId","Label":"ParentExecId","Category":"","Description":"","Attributes":1,"ValueType":"System.Guid"},"Value":"00000000-0000-0000-0000-000000000000"},{"Key":{"Id":"InnerResultsCount","Label":"InnerResultsCount","Category":"","Description":"","Attributes":1,"ValueType":"System.Int32"},"Value":0}]},{"TestCase":{"Id":"df8b17b1-2c2b-4e2e-44ee-c9282886e4fe","FullyQualifiedName":"FormulaTest.UnitTest1.TestForException7","DisplayName":"TestForException7","ExecutorUri":"executor://MSTestAdapter/v2","Source":"C:\\Users\\Andy Tran\\source\\repos\\spreadsheet-AndyTran97\\Spreadsheet\\FormulaTests\\bin\\Debug\\net6.0\\fine-code-coverage\\build-output\\FormulaTests.dll","CodeFilePath":null,"LineNumber":-1,"Properties":[{"Key":{"Id":"TestCase.ManagedType","Label":"ManagedType","Category":"","Description":"","Attributes":1,"ValueType":"System.String"},"Value":"FormulaTest.UnitTest1"},{"Key":{"Id":"TestCase.ManagedMethod","Label":"ManagedMethod","Category":"","Description":"","Attributes":1,"ValueType":"System.String"},"Value":"TestForException7"},{"Key":{"Id":"MSTestDiscoverer.TestClassName","Label":"ClassName","Category":"","Description":"","Attributes":1,"ValueType":"System.String"},"Value":"FormulaTest.UnitTest1"},{"Key":{"Id":"TestCase.Hierarchy","Label":"Hierarchy","Category":"","Description":"","Attributes":2,"ValueType":"System.String[]"},"Value":["FormulaTest","UnitTest1"]},{"Key":{"Id":"TestObject.Traits","Label":"Traits","Category":"","Description":"","Attributes":5,"ValueType":"System.Collections.Generic.KeyValuePair`2[[System.String],[System.String]][]"},"Value":[]}]},"Attachments":[],"Outcome":1,"ErrorMessage":null,"ErrorStackTrace":null,"DisplayName":"TestForException7","Messages":[],"ComputerName":null,"Duration":"00:00:00.0002707","StartTime":"2022-09-30T21:33:27.4106357-06:00","EndTime":"2022-09-30T21:33:27.4110279-06:00","Properties":[{"Key":{"Id":"ExecutionId","Label":"ExecutionId","Category":"","Description":"","Attributes":1,"ValueType":"System.Guid"},"Value":"00000000-0000-0000-0000-000000000000"},{"Key":{"Id":"ParentExecId","Label":"ParentExecId","Category":"","Description":"","Attributes":1,"ValueType":"System.Guid"},"Value":"00000000-0000-0000-0000-000000000000"},{"Key":{"Id":"InnerResultsCount","Label":"InnerResultsCount","Category":"","Description":"","Attributes":1,"ValueType":"System.Int32"},"Value":0}]},{"TestCase":{"Id":"5fabf121-53cd-35f7-4e0b-80cd9e3f1455","FullyQualifiedName":"FormulaTest.UnitTest1.TestForException8","DisplayName":"TestForException8","ExecutorUri":"executor://MSTestAdapter/v2","Source":"C:\\Users\\Andy Tran\\source\\repos\\spreadsheet-AndyTran97\\Spreadsheet\\FormulaTests\\bin\\Debug\\net6.0\\fine-code-coverage\\build-output\\FormulaTests.dll","CodeFilePath":null,"LineNumber":-1,"Properties":[{"Key":{"Id":"TestCase.ManagedType","Label":"ManagedType","Category":"","Description":"","Attributes":1,"ValueType":"System.String"},"Value":"FormulaTest.UnitTest1"},{"Key":{"Id":"TestCase.ManagedMethod","Label":"ManagedMethod","Category":"","Description":"","Attributes":1,"ValueType":"System.String"},"Value":"TestForException8"},{"Key":{"Id":"MSTestDiscoverer.TestClassName","Label":"ClassName","Category":"","Description":"","Attributes":1,"ValueType":"System.String"},"Value":"FormulaTest.UnitTest1"},{"Key":{"Id":"TestCase.Hierarchy","Label":"Hierarchy","Category":"","Description":"","Attributes":2,"ValueType":"System.String[]"},"Value":["FormulaTest","UnitTest1"]},{"Key":{"Id":"TestObject.Traits","Label":"Traits","Category":"","Description":"","Attributes":5,"ValueType":"System.Collections.Generic.KeyValuePair`2[[System.String],[System.String]][]"},"Value":[]}]},"Attachments":[],"Outcome":1,"ErrorMessage":null,"ErrorStackTrace":null,"DisplayName":"TestForException8","Messages":[],"ComputerName":null,"Duration":"00:00:00.0002752","StartTime":"2022-09-30T21:33:27.4126284-06:00","EndTime":"2022-09-30T21:33:27.4130273-06:00","Properties":[{"Key":{"Id":"ExecutionId","Label":"ExecutionId","Category":"","Description":"","Attributes":1,"ValueType":"System.Guid"},"Value":"00000000-0000-0000-0000-000000000000"},{"Key":{"Id":"ParentExecId","Label":"ParentExecId","Category":"","Description":"","Attributes":1,"ValueType":"System.Guid"},"Value":"00000000-0000-0000-0000-000000000000"},{"Key":{"Id":"InnerResultsCount","Label":"InnerResultsCount","Category":"","Description":"","Attributes":1,"ValueType":"System.Int32"},"Value":0}]},{"TestCase":{"Id":"d316e832-dec7-7b9a-d83a-532b57f9286d","FullyQualifiedName":"FormulaTest.UnitTest1.TestForException9","DisplayName":"TestForException9","ExecutorUri":"executor://MSTestAdapter/v2","Source":"C:\\Users\\Andy Tran\\source\\repos\\spreadsheet-AndyTran97\\Spreadsheet\\FormulaTests\\bin\\Debug\\net6.0\\fine-code-coverage\\build-output\\FormulaTests.dll","CodeFilePath":null,"LineNumber":-1,"Properties":[{"Key":{"Id":"TestCase.ManagedType","Label":"ManagedType","Category":"","Description":"","Attributes":1,"ValueType":"System.String"},"Value":"FormulaTest.UnitTest1"},{"Key":{"Id":"TestCase.ManagedMethod","Label":"ManagedMethod","Category":"","Description":"","Attributes":1,"ValueType":"System.String"},"Value":"TestForException9"},{"Key":{"Id":"MSTestDiscoverer.TestClassName","Label":"ClassName","Category":"","Description":"","Attributes":1,"ValueType":"System.String"},"Value":"FormulaTest.UnitTest1"},{"Key":{"Id":"TestCase.Hierarchy","Label":"Hierarchy","Category":"","Description":"","Attributes":2,"ValueType":"System.String[]"},"Value":["FormulaTest","UnitTest1"]},{"Key":{"Id":"TestObject.Traits","Label":"Traits","Category":"","Description":"","Attributes":5,"ValueType":"System.Collections.Generic.KeyValuePair`2[[System.String],[System.String]][]"},"Value":[]}]},"Attachments":[],"Outcome":1,"ErrorMessage":null,"ErrorStackTrace":null,"DisplayName":"TestForException9","Messages":[],"ComputerName":null,"Duration":"00:00:00.0002494","StartTime":"2022-09-30T21:33:27.414632-06:00","EndTime":"2022-09-30T21:33:27.414998-06:00","Properties":[{"Key":{"Id":"ExecutionId","Label":"ExecutionId","Category":"","Description":"","Attributes":1,"ValueType":"System.Guid"},"Value":"00000000-0000-0000-0000-000000000000"},{"Key":{"Id":"ParentExecId","Label":"ParentExecId","Category":"","Description":"","Attributes":1,"ValueType":"System.Guid"},"Value":"00000000-0000-0000-0000-000000000000"},{"Key":{"Id":"InnerResultsCount","Label":"InnerResultsCount","Category":"","Description":"","Attributes":1,"ValueType":"System.Int32"},"Value":0}]}],"TestRunStatistics":{"ExecutedTests":9,"Stats":{"Passed":9}},"ActiveTests":[{"Id":"e9dc6899-35a0-c476-2f5b-8ecaedb3a0ff","FullyQualifiedName":"FormulaTest.UnitTest1.TestForUnknownVariable","DisplayName":"TestForUnknownVariable","ExecutorUri":"executor://MSTestAdapter/v2","Source":"C:\\Users\\Andy Tran\\source\\repos\\spreadsheet-AndyTran97\\Spreadsheet\\FormulaTests\\bin\\Debug\\net6.0\\fine-code-coverage\\build-output\\FormulaTests.dll","CodeFilePath":null,"LineNumber":-1,"Properties":[{"Key":{"Id":"TestCase.ManagedType","Label":"ManagedType","Category":"","Description":"","Attributes":1,"ValueType":"System.String"},"Value":"FormulaTest.UnitTest1"},{"Key":{"Id":"TestCase.ManagedMethod","Label":"ManagedMethod","Category":"","Description":"","Attributes":1,"ValueType":"System.String"},"Value":"TestForUnknownVariable"},{"Key":{"Id":"MSTestDiscoverer.TestClassName","Label":"ClassName","Category":"","Description":"","Attributes":1,"ValueType":"System.String"},"Value":"FormulaTest.UnitTest1"},{"Key":{"Id":"TestCase.Hierarchy","Label":"Hierarchy","Category":"","Description":"","Attributes":2,"ValueType":"System.String[]"},"Value":["FormulaTest","UnitTest1"]},{"Key":{"Id":"TestObject.Traits","Label":"Traits","Category":"","Description":"","Attributes":5,"ValueType":"System.Collections.Generic.KeyValuePair`2[[System.String],[System.String]][]"},"Value":[]}]}]}}
TpTrace Verbose: 0 : 12428, 4, 2022/09/30, 21:33:27.434, 11588915705085, testhost.dll, TestRunCache: OnNewTestResult: Notified the onCacheHit callback.
TpTrace Information: 0 : 12428, 4, 2022/09/30, 21:33:27.435, 11588915715532, testhost.dll, MSTest - Executing test TestForUnknownVariable
TpTrace Information: 0 : 12428, 4, 2022/09/30, 21:33:27.438, 11588915740677, testhost.dll, MSTest - Executed test TestForUnknownVariable
TpTrace Verbose: 0 : 12428, 4, 2022/09/30, 21:33:27.438, 11588915741066, testhost.dll, TestExecutionRecorder.RecordEnd: test: FormulaTest.UnitTest1.TestForUnknownVariable execution completed.
TpTrace Warning: 0 : 12428, 4, 2022/09/30, 21:33:27.438, 11588915741241, testhost.dll, TestRunCache: InProgressTests is null
TpTrace Verbose: 0 : 12428, 4, 2022/09/30, 21:33:27.439, 11588915749273, testhost.dll, TestExecutionRecorder.RecordResult: Received result for test: FormulaTest.UnitTest1.TestForUnknownVariable.
TpTrace Warning: 0 : 12428, 4, 2022/09/30, 21:33:27.439, 11588915749688, testhost.dll, TestRunCache: InProgressTests is null
TpTrace Warning: 0 : 12428, 4, 2022/09/30, 21:33:27.439, 11588915749889, testhost.dll, TestRunCache: No test found corresponding to testResult 'TestForUnknownVariable' in inProgress list.
TpTrace Verbose: 0 : 12428, 4, 2022/09/30, 21:33:27.439, 11588915750286, testhost.dll, TestExecutionRecorder.RecordStart: Starting test: FormulaTest.UnitTest1.TestComparingToEmptyString.
TpTrace Information: 0 : 12428, 4, 2022/09/30, 21:33:27.440, 11588915757282, testhost.dll, MSTest - Executing test TestComparingToEmptyString
TpTrace Information: 0 : 12428, 4, 2022/09/30, 21:33:27.440, 11588915763333, testhost.dll, MSTest - Executed test TestComparingToEmptyString
TpTrace Verbose: 0 : 12428, 4, 2022/09/30, 21:33:27.440, 11588915763714, testhost.dll, TestExecutionRecorder.RecordEnd: test: FormulaTest.UnitTest1.TestComparingToEmptyString execution completed.
TpTrace Verbose: 0 : 12428, 4, 2022/09/30, 21:33:27.441, 11588915770889, testhost.dll, TestExecutionRecorder.RecordResult: Received result for test: FormulaTest.UnitTest1.TestComparingToEmptyString.
TpTrace Warning: 0 : 12428, 4, 2022/09/30, 21:33:27.441, 11588915771230, testhost.dll, TestRunCache: InProgressTests is null
TpTrace Warning: 0 : 12428, 4, 2022/09/30, 21:33:27.441, 11588915771400, testhost.dll, TestRunCache: No test found corresponding to testResult 'TestComparingToEmptyString' in inProgress list.
TpTrace Verbose: 0 : 12428, 4, 2022/09/30, 21:33:27.441, 11588915771660, testhost.dll, TestExecutionRecorder.RecordStart: Starting test: FormulaTest.UnitTest1.TestConstructor.
TpTrace Information: 0 : 12428, 4, 2022/09/30, 21:33:27.442, 11588915778791, testhost.dll, MSTest - Executing test TestConstructor
TpTrace Information: 0 : 12428, 4, 2022/09/30, 21:33:27.446, 11588915819166, testhost.dll, MSTest - Executed test TestConstructor
TpTrace Verbose: 0 : 12428, 4, 2022/09/30, 21:33:27.446, 11588915819804, testhost.dll, TestExecutionRecorder.RecordEnd: test: FormulaTest.UnitTest1.TestConstructor execution completed.
TpTrace Verbose: 0 : 12428, 4, 2022/09/30, 21:33:27.447, 11588915827807, testhost.dll, TestExecutionRecorder.RecordResult: Received result for test: FormulaTest.UnitTest1.TestConstructor.
TpTrace Warning: 0 : 12428, 4, 2022/09/30, 21:33:27.447, 11588915828254, testhost.dll, TestRunCache: InProgressTests is null
TpTrace Warning: 0 : 12428, 4, 2022/09/30, 21:33:27.447, 11588915828435, testhost.dll, TestRunCache: No test found corresponding to testResult 'TestConstructor' in inProgress list.
TpTrace Verbose: 0 : 12428, 4, 2022/09/30, 21:33:27.447, 11588915828838, testhost.dll, TestExecutionRecorder.RecordStart: Starting test: FormulaTest.UnitTest1.TestGetHashCode.
TpTrace Information: 0 : 12428, 4, 2022/09/30, 21:33:27.448, 11588915837811, testhost.dll, MSTest - Executing test TestGetHashCode
TpTrace Information: 0 : 12428, 4, 2022/09/30, 21:33:27.449, 11588915851096, testhost.dll, MSTest - Executed test TestGetHashCode
TpTrace Verbose: 0 : 12428, 4, 2022/09/30, 21:33:27.449, 11588915851462, testhost.dll, TestExecutionRecorder.RecordEnd: test: FormulaTest.UnitTest1.TestGetHashCode execution completed.
TpTrace Verbose: 0 : 12428, 4, 2022/09/30, 21:33:27.450, 11588915858660, testhost.dll, TestExecutionRecorder.RecordResult: Received result for test: FormulaTest.UnitTest1.TestGetHashCode.
TpTrace Warning: 0 : 12428, 4, 2022/09/30, 21:33:27.450, 11588915858989, testhost.dll, TestRunCache: InProgressTests is null
TpTrace Warning: 0 : 12428, 4, 2022/09/30, 21:33:27.450, 11588915859160, testhost.dll, TestRunCache: No test found corresponding to testResult 'TestGetHashCode' in inProgress list.
TpTrace Verbose: 0 : 12428, 4, 2022/09/30, 21:33:27.450, 11588915859421, testhost.dll, TestExecutionRecorder.RecordStart: Starting test: FormulaTest.UnitTest1.TestEqualAndNotEqualOperator.
TpTrace Information: 0 : 12428, 4, 2022/09/30, 21:33:27.451, 11588915866467, testhost.dll, MSTest - Executing test TestEqualAndNotEqualOperator
TpTrace Information: 0 : 12428, 4, 2022/09/30, 21:33:27.452, 11588915877237, testhost.dll, MSTest - Executed test TestEqualAndNotEqualOperator
TpTrace Verbose: 0 : 12428, 4, 2022/09/30, 21:33:27.452, 11588915877619, testhost.dll, TestExecutionRecorder.RecordEnd: test: FormulaTest.UnitTest1.TestEqualAndNotEqualOperator execution completed.
TpTrace Verbose: 0 : 12428, 4, 2022/09/30, 21:33:27.453, 11588915885659, testhost.dll, TestExecutionRecorder.RecordResult: Received result for test: FormulaTest.UnitTest1.TestEqualAndNotEqualOperator.
TpTrace Warning: 0 : 12428, 4, 2022/09/30, 21:33:27.453, 11588915886017, testhost.dll, TestRunCache: InProgressTests is null
TpTrace Warning: 0 : 12428, 4, 2022/09/30, 21:33:27.453, 11588915886189, testhost.dll, TestRunCache: No test found corresponding to testResult 'TestEqualAndNotEqualOperator' in inProgress list.
TpTrace Verbose: 0 : 12428, 4, 2022/09/30, 21:33:27.453, 11588915886447, testhost.dll, TestExecutionRecorder.RecordStart: Starting test: FormulaTest.UnitTest1.TestEqualsMethod.
TpTrace Information: 0 : 12428, 4, 2022/09/30, 21:33:27.453, 11588915893290, testhost.dll, MSTest - Executing test TestEqualsMethod
TpTrace Information: 0 : 12428, 4, 2022/09/30, 21:33:27.454, 11588915897708, testhost.dll, MSTest - Executed test TestEqualsMethod
TpTrace Verbose: 0 : 12428, 4, 2022/09/30, 21:33:27.454, 11588915898040, testhost.dll, TestExecutionRecorder.RecordEnd: test: FormulaTest.UnitTest1.TestEqualsMethod execution completed.
TpTrace Verbose: 0 : 12428, 4, 2022/09/30, 21:33:27.455, 11588915906149, testhost.dll, TestExecutionRecorder.RecordResult: Received result for test: FormulaTest.UnitTest1.TestEqualsMethod.
TpTrace Warning: 0 : 12428, 4, 2022/09/30, 21:33:27.455, 11588915906565, testhost.dll, TestRunCache: InProgressTests is null
TpTrace Warning: 0 : 12428, 4, 2022/09/30, 21:33:27.455, 11588915906742, testhost.dll, TestRunCache: No test found corresponding to testResult 'TestEqualsMethod' in inProgress list.
TpTrace Verbose: 0 : 12428, 4, 2022/09/30, 21:33:27.455, 11588915907005, testhost.dll, TestExecutionRecorder.RecordStart: Starting test: FormulaTest.UnitTest1.TestGetVariables.
TpTrace Information: 0 : 12428, 4, 2022/09/30, 21:33:27.455, 11588915915043, testhost.dll, MSTest - Executing test TestGetVariables
TpTrace Information: 0 : 12428, 4, 2022/09/30, 21:33:27.456, 11588915921541, testhost.dll, MSTest - Executed test TestGetVariables
TpTrace Verbose: 0 : 12428, 4, 2022/09/30, 21:33:27.456, 11588915921905, testhost.dll, TestExecutionRecorder.RecordEnd: test: FormulaTest.UnitTest1.TestGetVariables execution completed.
TpTrace Verbose: 0 : 12428, 4, 2022/09/30, 21:33:27.457, 11588915931253, testhost.dll, TestExecutionRecorder.RecordResult: Received result for test: FormulaTest.UnitTest1.TestGetVariables.
TpTrace Warning: 0 : 12428, 4, 2022/09/30, 21:33:27.457, 11588915931590, testhost.dll, TestRunCache: InProgressTests is null
TpTrace Warning: 0 : 12428, 4, 2022/09/30, 21:33:27.457, 11588915931762, testhost.dll, TestRunCache: No test found corresponding to testResult 'TestGetVariables' in inProgress list.
TpTrace Verbose: 0 : 12428, 4, 2022/09/30, 21:33:27.457, 11588915932018, testhost.dll, TestExecutionRecorder.RecordStart: Starting test: FormulaTest.UnitTest1.TestEvaluateMethod.
TpTrace Information: 0 : 12428, 4, 2022/09/30, 21:33:27.458, 11588915939890, testhost.dll, MSTest - Executing test TestEvaluateMethod
TpTrace Information: 0 : 12428, 4, 2022/09/30, 21:33:27.459, 11588915951077, testhost.dll, MSTest - Executed test TestEvaluateMethod
TpTrace Verbose: 0 : 12428, 4, 2022/09/30, 21:33:27.459, 11588915951421, testhost.dll, TestExecutionRecorder.RecordEnd: test: FormulaTest.UnitTest1.TestEvaluateMethod execution completed.
TpTrace Verbose: 0 : 12428, 4, 2022/09/30, 21:33:27.460, 11588915959555, testhost.dll, TestExecutionRecorder.RecordResult: Received result for test: FormulaTest.UnitTest1.TestEvaluateMethod.
TpTrace Warning: 0 : 12428, 4, 2022/09/30, 21:33:27.460, 11588915960319, testhost.dll, TestRunCache: InProgressTests is null
TpTrace Warning: 0 : 12428, 4, 2022/09/30, 21:33:27.460, 11588915960503, testhost.dll, TestRunCache: No test found corresponding to testResult 'TestEvaluateMethod' in inProgress list.
TpTrace Information: 0 : 12428, 4, 2022/09/30, 21:33:27.460, 11588915961725, testhost.dll, MSTest - Executing cleanup methods.
TpTrace Information: 0 : 12428, 4, 2022/09/30, 21:33:27.461, 11588915970884, testhost.dll, MSTest - Executed cleanup methods.
TpTrace Information: 0 : 12428, 4, 2022/09/30, 21:33:27.461, 11588915971351, testhost.dll, MSTest - Executed tests belonging to source C:\Users\Andy Tran\source\repos\spreadsheet-AndyTran97\Spreadsheet\FormulaTests\bin\Debug\net6.0\fine-code-coverage\build-output\FormulaTests.dll
TpTrace Information: 0 : 12428, 4, 2022/09/30, 21:33:27.461, 11588915972836, testhost.dll, Deleting deployment directory C:\Users\Andy Tran\source\repos\spreadsheet-AndyTran97\Spreadsheet\FormulaTests\bin\Debug\net6.0\fine-code-coverage\coverage-tool-output\Deploy_Andy Tran 2022-09-30 21_33_27
TpTrace Information: 0 : 12428, 4, 2022/09/30, 21:33:27.462, 11588915982799, testhost.dll, Deleted deployment directory C:\Users\Andy Tran\source\repos\spreadsheet-AndyTran97\Spreadsheet\FormulaTests\bin\Debug\net6.0\fine-code-coverage\coverage-tool-output\Deploy_Andy Tran 2022-09-30 21_33_27
TpTrace Verbose: 0 : 12428, 4, 2022/09/30, 21:33:27.462, 11588915985019, testhost.dll, BaseRunTests.RunTestInternalWithExecutors: Completed running tests for executor://MSTestAdapter/v2
TpTrace Information: 0 : 12428, 4, 2022/09/30, 21:33:27.464, 11588915998012, testhost.dll, Sending test run complete
TpTrace Verbose: 0 : 12428, 4, 2022/09/30, 21:33:27.470, 11588916057418, testhost.dll, TestRequestHandler.SendData:  sending data from testhost: {"Version":5,"MessageType":"TestExecution.Completed","Payload":{"TestRunCompleteArgs":{"TestRunStatistics":{"ExecutedTests":17,"Stats":{"Passed":17}},"IsCanceled":false,"IsAborted":false,"Error":null,"AttachmentSets":[],"ElapsedTimeInRunningTests":"00:00:00.1983798","Metrics":{}},"LastRunTests":{"NewTestResults":[{"TestCase":{"Id":"e9dc6899-35a0-c476-2f5b-8ecaedb3a0ff","FullyQualifiedName":"FormulaTest.UnitTest1.TestForUnknownVariable","DisplayName":"TestForUnknownVariable","ExecutorUri":"executor://MSTestAdapter/v2","Source":"C:\\Users\\Andy Tran\\source\\repos\\spreadsheet-AndyTran97\\Spreadsheet\\FormulaTests\\bin\\Debug\\net6.0\\fine-code-coverage\\build-output\\FormulaTests.dll","CodeFilePath":null,"LineNumber":-1,"Properties":[{"Key":{"Id":"TestCase.ManagedType","Label":"ManagedType","Category":"","Description":"","Attributes":1,"ValueType":"System.String"},"Value":"FormulaTest.UnitTest1"},{"Key":{"Id":"TestCase.ManagedMethod","Label":"ManagedMethod","Category":"","Description":"","Attributes":1,"ValueType":"System.String"},"Value":"TestForUnknownVariable"},{"Key":{"Id":"MSTestDiscoverer.TestClassName","Label":"ClassName","Category":"","Description":"","Attributes":1,"ValueType":"System.String"},"Value":"FormulaTest.UnitTest1"},{"Key":{"Id":"TestCase.Hierarchy","Label":"Hierarchy","Category":"","Description":"","Attributes":2,"ValueType":"System.String[]"},"Value":["FormulaTest","UnitTest1"]},{"Key":{"Id":"TestObject.Traits","Label":"Traits","Category":"","Description":"","Attributes":5,"ValueType":"System.Collections.Generic.KeyValuePair`2[[System.String],[System.String]][]"},"Value":[]}]},"Attachments":[],"Outcome":1,"ErrorMessage":null,"ErrorStackTrace":null,"DisplayName":"TestForUnknownVariable","Messages":[],"ComputerName":null,"Duration":"00:00:00.0024036","StartTime":"2022-09-30T21:33:27.4359915-06:00","EndTime":"2022-09-30T21:33:27.4385429-06:00","Properties":[{"Key":{"Id":"ExecutionId","Label":"ExecutionId","Category":"","Description":"","Attributes":1,"ValueType":"System.Guid"},"Value":"00000000-0000-0000-0000-000000000000"},{"Key":{"Id":"ParentExecId","Label":"ParentExecId","Category":"","Description":"","Attributes":1,"ValueType":"System.Guid"},"Value":"00000000-0000-0000-0000-000000000000"},{"Key":{"Id":"InnerResultsCount","Label":"InnerResultsCount","Category":"","Description":"","Attributes":1,"ValueType":"System.Int32"},"Value":0}]},{"TestCase":{"Id":"f90e6a1e-c2ef-06b6-30a2-678d45072600","FullyQualifiedName":"FormulaTest.UnitTest1.TestComparingToEmptyString","DisplayName":"TestComparingToEmptyString","ExecutorUri":"executor://MSTestAdapter/v2","Source":"C:\\Users\\Andy Tran\\source\\repos\\spreadsheet-AndyTran97\\Spreadsheet\\FormulaTests\\bin\\Debug\\net6.0\\fine-code-coverage\\build-output\\FormulaTests.dll","CodeFilePath":null,"LineNumber":-1,"Properties":[{"Key":{"Id":"TestCase.ManagedType","Label":"ManagedType","Category":"","Description":"","Attributes":1,"ValueType":"System.String"},"Value":"FormulaTest.UnitTest1"},{"Key":{"Id":"TestCase.ManagedMethod","Label":"ManagedMethod","Category":"","Description":"","Attributes":1,"ValueType":"System.String"},"Value":"TestComparingToEmptyString"},{"Key":{"Id":"MSTestDiscoverer.TestClassName","Label":"ClassName","Category":"","Description":"","Attributes":1,"ValueType":"System.String"},"Value":"FormulaTest.UnitTest1"},{"Key":{"Id":"TestCase.Hierarchy","Label":"Hierarchy","Category":"","Description":"","Attributes":2,"ValueType":"System.String[]"},"Value":["FormulaTest","UnitTest1"]},{"Key":{"Id":"TestObject.Traits","Label":"Traits","Category":"","Description":"","Attributes":5,"ValueType":"System.Collections.Generic.KeyValuePair`2[[System.String],[System.String]][]"},"Value":[]}]},"Attachments":[],"Outcome":1,"ErrorMessage":null,"ErrorStackTrace":null,"DisplayName":"TestComparingToEmptyString","Messages":[],"ComputerName":null,"Duration":"00:00:00.0005236","StartTime":"2022-09-30T21:33:27.4401683-06:00","EndTime":"2022-09-30T21:33:27.4408064-06:00","Properties":[{"Key":{"Id":"ExecutionId","Label":"ExecutionId","Category":"","Description":"","Attributes":1,"ValueType":"System.Guid"},"Value":"00000000-0000-0000-0000-000000000000"},{"Key":{"Id":"ParentExecId","Label":"ParentExecId","Category":"","Description":"","Attributes":1,"ValueType":"System.Guid"},"Value":"00000000-0000-0000-0000-000000000000"},{"Key":{"Id":"InnerResultsCount","Label":"InnerResultsCount","Category":"","Description":"","Attributes":1,"ValueType":"System.Int32"},"Value":0}]},{"TestCase":{"Id":"e1b5601b-b039-3d2f-0f3a-dee831da0948","FullyQualifiedName":"FormulaTest.UnitTest1.TestConstructor","DisplayName":"TestConstructor","ExecutorUri":"executor://MSTestAdapter/v2","Source":"C:\\Users\\Andy Tran\\source\\repos\\spreadsheet-AndyTran97\\Spreadsheet\\FormulaTests\\bin\\Debug\\net6.0\\fine-code-coverage\\build-output\\FormulaTests.dll","CodeFilePath":null,"LineNumber":-1,"Properties":[{"Key":{"Id":"TestCase.ManagedType","Label":"ManagedType","Category":"","Description":"","Attributes":1,"ValueType":"System.String"},"Value":"FormulaTest.UnitTest1"},{"Key":{"Id":"TestCase.ManagedMethod","Label":"ManagedMethod","Category":"","Description":"","Attributes":1,"ValueType":"System.String"},"Value":"TestConstructor"},{"Key":{"Id":"MSTestDiscoverer.TestClassName","Label":"ClassName","Category":"","Description":"","Attributes":1,"ValueType":"System.String"},"Value":"FormulaTest.UnitTest1"},{"Key":{"Id":"TestCase.Hierarchy","Label":"Hierarchy","Category":"","Description":"","Attributes":2,"ValueType":"System.String[]"},"Value":["FormulaTest","UnitTest1"]},{"Key":{"Id":"TestObject.Traits","Label":"Traits","Category":"","Description":"","Attributes":5,"ValueType":"System.Collections.Generic.KeyValuePair`2[[System.String],[System.String]][]"},"Value":[]}]},"Attachments":[],"Outcome":1,"ErrorMessage":null,"ErrorStackTrace":null,"DisplayName":"TestConstructor","Messages":[],"ComputerName":null,"Duration":"00:00:00.0039311","StartTime":"2022-09-30T21:33:27.442319-06:00","EndTime":"2022-09-30T21:33:27.4464137-06:00","Properties":[{"Key":{"Id":"ExecutionId","Label":"ExecutionId","Category":"","Description":"","Attributes":1,"ValueType":"System.Guid"},"Value":"00000000-0000-0000-0000-000000000000"},{"Key":{"Id":"ParentExecId","Label":"ParentExecId","Category":"","Description":"","Attributes":1,"ValueType":"System.Guid"},"Value":"00000000-0000-0000-0000-000000000000"},{"Key":{"Id":"InnerResultsCount","Label":"InnerResultsCount","Category":"","Description":"","Attributes":1,"ValueType":"System.Int32"},"Value":0}]},{"TestCase":{"Id":"1738a2d0-b8b5-c892-7314-052648b9ca5c","FullyQualifiedName":"FormulaTest.UnitTest1.TestGetHashCode","DisplayName":"TestGetHashCode","ExecutorUri":"executor://MSTestAdapter/v2","Source":"C:\\Users\\Andy Tran\\source\\repos\\spreadsheet-AndyTran97\\Spreadsheet\\FormulaTests\\bin\\Debug\\net6.0\\fine-code-coverage\\build-output\\FormulaTests.dll","CodeFilePath":null,"LineNumber":-1,"Properties":[{"Key":{"Id":"TestCase.ManagedType","Label":"ManagedType","Category":"","Description":"","Attributes":1,"ValueType":"System.String"},"Value":"FormulaTest.UnitTest1"},{"Key":{"Id":"TestCase.ManagedMethod","Label":"ManagedMethod","Category":"","Description":"","Attributes":1,"ValueType":"System.String"},"Value":"TestGetHashCode"},{"Key":{"Id":"MSTestDiscoverer.TestClassName","Label":"ClassName","Category":"","Description":"","Attributes":1,"ValueType":"System.String"},"Value":"FormulaTest.UnitTest1"},{"Key":{"Id":"TestCase.Hierarchy","Label":"Hierarchy","Category":"","Description":"","Attributes":2,"ValueType":"System.String[]"},"Value":["FormulaTest","UnitTest1"]},{"Key":{"Id":"TestObject.Traits","Label":"Traits","Category":"","Description":"","Attributes":5,"ValueType":"System.Collections.Generic.KeyValuePair`2[[System.String],[System.String]][]"},"Value":[]}]},"Attachments":[],"Outcome":1,"ErrorMessage":null,"ErrorStackTrace":null,"DisplayName":"TestGetHashCode","Messages":[],"ComputerName":null,"Duration":"00:00:00.0012216","StartTime":"2022-09-30T21:33:27.4482212-06:00","EndTime":"2022-09-30T21:33:27.4495845-06:00","Properties":[{"Key":{"Id":"ExecutionId","Label":"ExecutionId","Category":"","Description":"","Attributes":1,"ValueType":"System.Guid"},"Value":"00000000-0000-0000-0000-000000000000"},{"Key":{"Id":"ParentExecId","Label":"ParentExecId","Category":"","Description":"","Attributes":1,"ValueType":"System.Guid"},"Value":"00000000-0000-0000-0000-000000000000"},{"Key":{"Id":"InnerResultsCount","Label":"InnerResultsCount","Category":"","Description":"","Attributes":1,"ValueType":"System.Int32"},"Value":0}]},{"TestCase":{"Id":"6d1c94e7-8828-f954-ab28-f7be70fb2f88","FullyQualifiedName":"FormulaTest.UnitTest1.TestEqualAndNotEqualOperator","DisplayName":"TestEqualAndNotEqualOperator","ExecutorUri":"executor://MSTestAdapter/v2","Source":"C:\\Users\\Andy Tran\\source\\repos\\spreadsheet-AndyTran97\\Spreadsheet\\FormulaTests\\bin\\Debug\\net6.0\\fine-code-coverage\\build-output\\FormulaTests.dll","CodeFilePath":null,"LineNumber":-1,"Properties":[{"Key":{"Id":"TestCase.ManagedType","Label":"ManagedType","Category":"","Description":"","Attributes":1,"ValueType":"System.String"},"Value":"FormulaTest.UnitTest1"},{"Key":{"Id":"TestCase.ManagedMethod","Label":"ManagedMethod","Category":"","Description":"","Attributes":1,"ValueType":"System.String"},"Value":"TestEqualAndNotEqualOperator"},{"Key":{"Id":"MSTestDiscoverer.TestClassName","Label":"ClassName","Category":"","Description":"","Attributes":1,"ValueType":"System.String"},"Value":"FormulaTest.UnitTest1"},{"Key":{"Id":"TestCase.Hierarchy","Label":"Hierarchy","Category":"","Description":"","Attributes":2,"ValueType":"System.String[]"},"Value":["FormulaTest","UnitTest1"]},{"Key":{"Id":"TestObject.Traits","Label":"Traits","Category":"","Description":"","Attributes":5,"ValueType":"System.Collections.Generic.KeyValuePair`2[[System.String],[System.String]][]"},"Value":[]}]},"Attachments":[],"Outcome":1,"ErrorMessage":null,"ErrorStackTrace":null,"DisplayName":"TestEqualAndNotEqualOperator","Messages":[],"ComputerName":null,"Duration":"00:00:00.0010072","StartTime":"2022-09-30T21:33:27.4510864-06:00","EndTime":"2022-09-30T21:33:27.4521993-06:00","Properties":[{"Key":{"Id":"ExecutionId","Label":"ExecutionId","Category":"","Description":"","Attributes":1,"ValueType":"System.Guid"},"Value":"00000000-0000-0000-0000-000000000000"},{"Key":{"Id":"ParentExecId","Label":"ParentExecId","Category":"","Description":"","Attributes":1,"ValueType":"System.Guid"},"Value":"00000000-0000-0000-0000-000000000000"},{"Key":{"Id":"InnerResultsCount","Label":"InnerResultsCount","Category":"","Description":"","Attributes":1,"ValueType":"System.Int32"},"Value":0}]},{"TestCase":{"Id":"c6b2234d-ee96-d13c-10c0-47b8addd382c","FullyQualifiedName":"FormulaTest.UnitTest1.TestEqualsMethod","DisplayName":"TestEqualsMethod","ExecutorUri":"executor://MSTestAdapter/v2","Source":"C:\\Users\\Andy Tran\\source\\repos\\spreadsheet-AndyTran97\\Spreadsheet\\FormulaTests\\bin\\Debug\\net6.0\\fine-code-coverage\\build-output\\FormulaTests.dll","CodeFilePath":null,"LineNumber":-1,"Properties":[{"Key":{"Id":"TestCase.ManagedType","Label":"ManagedType","Category":"","Description":"","Attributes":1,"ValueType":"System.String"},"Value":"FormulaTest.UnitTest1"},{"Key":{"Id":"TestCase.ManagedMethod","Label":"ManagedMethod","Category":"","Description":"","Attributes":1,"ValueType":"System.String"},"Value":"TestEqualsMethod"},{"Key":{"Id":"MSTestDiscoverer.TestClassName","Label":"ClassName","Category":"","Description":"","Attributes":1,"ValueType":"System.String"},"Value":"FormulaTest.UnitTest1"},{"Key":{"Id":"TestCase.Hierarchy","Label":"Hierarchy","Category":"","Description":"","Attributes":2,"ValueType":"System.String[]"},"Value":["FormulaTest","UnitTest1"]},{"Key":{"Id":"TestObject.Traits","Label":"Traits","Category":"","Description":"","Attributes":5,"ValueType":"System.Collections.Generic.KeyValuePair`2[[System.String],[System.String]][]"},"Value":[]}]},"Attachments":[],"Outcome":1,"ErrorMessage":null,"ErrorStackTrace":null,"DisplayName":"TestEqualsMethod","Messages":[],"ComputerName":null,"Duration":"00:00:00.0003745","StartTime":"2022-09-30T21:33:27.4537691-06:00","EndTime":"2022-09-30T21:33:27.4542425-06:00","Properties":[{"Key":{"Id":"ExecutionId","Label":"ExecutionId","Category":"","Description":"","Attributes":1,"ValueType":"System.Guid"},"Value":"00000000-0000-0000-0000-000000000000"},{"Key":{"Id":"ParentExecId","Label":"ParentExecId","Category":"","Description":"","Attributes":1,"ValueType":"System.Guid"},"Value":"00000000-0000-0000-0000-000000000000"},{"Key":{"Id":"InnerResultsCount","Label":"InnerResultsCount","Category":"","Description":"","Attributes":1,"ValueType":"System.Int32"},"Value":0}]},{"TestCase":{"Id":"c2f066b6-811f-da70-f6e5-08fdb6f834ad","FullyQualifiedName":"FormulaTest.UnitTest1.TestGetVariables","DisplayName":"TestGetVariables","ExecutorUri":"executor://MSTestAdapter/v2","Source":"C:\\Users\\Andy Tran\\source\\repos\\spreadsheet-AndyTran97\\Spreadsheet\\FormulaTests\\bin\\Debug\\net6.0\\fine-code-coverage\\build-output\\FormulaTests.dll","CodeFilePath":null,"LineNumber":-1,"Properties":[{"Key":{"Id":"TestCase.ManagedType","Label":"ManagedType","Category":"","Description":"","Attributes":1,"ValueType":"System.String"},"Value":"FormulaTest.UnitTest1"},{"Key":{"Id":"TestCase.ManagedMethod","Label":"ManagedMethod","Category":"","Description":"","Attributes":1,"ValueType":"System.String"},"Value":"TestGetVariables"},{"Key":{"Id":"MSTestDiscoverer.TestClassName","Label":"ClassName","Category":"","Description":"","Attributes":1,"ValueType":"System.String"},"Value":"FormulaTest.UnitTest1"},{"Key":{"Id":"TestCase.Hierarchy","Label":"Hierarchy","Category":"","Description":"","Attributes":2,"ValueType":"System.String[]"},"Value":["FormulaTest","UnitTest1"]},{"Key":{"Id":"TestObject.Traits","Label":"Traits","Category":"","Description":"","Attributes":5,"ValueType":"System.Collections.Generic.KeyValuePair`2[[System.String],[System.String]][]"},"Value":[]}]},"Attachments":[],"Outcome":1,"ErrorMessage":null,"ErrorStackTrace":null,"DisplayName":"TestGetVariables","Messages":[],"ComputerName":null,"Duration":"00:00:00.0005526","StartTime":"2022-09-30T21:33:27.4559437-06:00","EndTime":"2022-09-30T21:33:27.4566289-06:00","Properties":[{"Key":{"Id":"ExecutionId","Label":"ExecutionId","Category":"","Description":"","Attributes":1,"ValueType":"System.Guid"},"Value":"00000000-0000-0000-0000-000000000000"},{"Key":{"Id":"ParentExecId","Label":"ParentExecId","Category":"","Description":"","Attributes":1,"ValueType":"System.Guid"},"Value":"00000000-0000-0000-0000-000000000000"},{"Key":{"Id":"InnerResultsCount","Label":"InnerResultsCount","Category":"","Description":"","Attributes":1,"ValueType":"System.Int32"},"Value":0}]},{"TestCase":{"Id":"0d23dbde-7b4f-8b6e-a4ab-2a7f4e7f8a15","FullyQualifiedName":"FormulaTest.UnitTest1.TestEvaluateMethod","DisplayName":"TestEvaluateMethod","ExecutorUri":"executor://MSTestAdapter/v2","Source":"C:\\Users\\Andy Tran\\source\\repos\\spreadsheet-AndyTran97\\Spreadsheet\\FormulaTests\\bin\\Debug\\net6.0\\fine-code-coverage\\build-output\\FormulaTests.dll","CodeFilePath":null,"LineNumber":-1,"Properties":[{"Key":{"Id":"TestCase.ManagedType","Label":"ManagedType","Category":"","Description":"","Attributes":1,"ValueType":"System.String"},"Value":"FormulaTest.UnitTest1"},{"Key":{"Id":"TestCase.ManagedMethod","Label":"ManagedMethod","Category":"","Description":"","Attributes":1,"ValueType":"System.String"},"Value":"TestEvaluateMethod"},{"Key":{"Id":"MSTestDiscoverer.TestClassName","Label":"ClassName","Category":"","Description":"","Attributes":1,"ValueType":"System.String"},"Value":"FormulaTest.UnitTest1"},{"Key":{"Id":"TestCase.Hierarchy","Label":"Hierarchy","Category":"","Description":"","Attributes":2,"ValueType":"System.String[]"},"Value":["FormulaTest","UnitTest1"]},{"Key":{"Id":"TestObject.Traits","Label":"Traits","Category":"","Description":"","Attributes":5,"ValueType":"System.Collections.Generic.KeyValuePair`2[[System.String],[System.String]][]"},"Value":[]}]},"Attachments":[],"Outcome":1,"ErrorMessage":null,"ErrorStackTrace":null,"DisplayName":"TestEvaluateMethod","Messages":[],"ComputerName":null,"Duration":"00:00:00.0009694","StartTime":"2022-09-30T21:33:27.458429-06:00","EndTime":"2022-09-30T21:33:27.4595805-06:00","Properties":[{"Key":{"Id":"ExecutionId","Label":"ExecutionId","Category":"","Description":"","Attributes":1,"ValueType":"System.Guid"},"Value":"00000000-0000-0000-0000-000000000000"},{"Key":{"Id":"ParentExecId","Label":"ParentExecId","Category":"","Description":"","Attributes":1,"ValueType":"System.Guid"},"Value":"00000000-0000-0000-0000-000000000000"},{"Key":{"Id":"InnerResultsCount","Label":"InnerResultsCount","Category":"","Description":"","Attributes":1,"ValueType":"System.Int32"},"Value":0}]}],"TestRunStatistics":{"ExecutedTests":17,"Stats":{"Passed":17}},"ActiveTests":[]},"RunAttachments":[],"ExecutorUris":["executor://mstestadapter/v2"]}}
TpTrace Verbose: 0 : 12428, 4, 2022/09/30, 21:33:27.470, 11588916060689, testhost.dll, BaseRunTests.RunTests: Run is complete.
TpTrace Verbose: 0 : 12428, 9, 2022/09/30, 21:33:27.472, 11588916079116, testhost.dll, TcpClientExtensions.MessageLoopAsync: NotifyDataAvailable remoteEndPoint: [::ffff:127.0.0.1]:64057 localEndPoint: [::ffff:127.0.0.1]:64058
TpTrace Information: 0 : 12428, 9, 2022/09/30, 21:33:27.472, 11588916079932, testhost.dll, TestRequestHandler.OnMessageReceived: received message: (TestSession.Terminate) -> null
TpTrace Information: 0 : 12428, 9, 2022/09/30, 21:33:27.472, 11588916080150, testhost.dll, Session End message received from server. Closing the connection.
TpTrace Information: 0 : 12428, 9, 2022/09/30, 21:33:27.472, 11588916081897, testhost.dll, SocketClient.Stop: Stop communication from server endpoint: 127.0.0.1:064057
TpTrace Information: 0 : 12428, 9, 2022/09/30, 21:33:27.472, 11588916082177, testhost.dll, SocketClient: Stop: Cancellation requested. Stopping message loop.
TpTrace Verbose: 0 : 12428, 9, 2022/09/30, 21:33:27.472, 11588916083307, testhost.dll, LengthPrefixCommunicationChannel.Dispose: Dispose reader and writer.
TpTrace Information: 0 : 12428, 9, 2022/09/30, 21:33:27.472, 11588916083724, testhost.dll, Closing the connection !
TpTrace Information: 0 : 12428, 9, 2022/09/30, 21:33:27.472, 11588916085113, testhost.dll, SocketClient.PrivateStop: Stop communication from server endpoint: 127.0.0.1:064057, error:
TpTrace Verbose: 0 : 12428, 9, 2022/09/30, 21:33:27.473, 11588916086912, testhost.dll, LengthPrefixCommunicationChannel.Dispose: Dispose reader and writer.
TpTrace Information: 0 : 12428, 1, 2022/09/30, 21:33:27.473, 11588916086972, testhost.dll, Closing the connection !
TpTrace Verbose: 0 : 12428, 9, 2022/09/30, 21:33:27.473, 11588916087269, testhost.dll, TcpClientExtensions.MessageLoopAsync: exiting MessageLoopAsync remoteEndPoint: [::ffff:127.0.0.1]:64057 localEndPoint: [::ffff:127.0.0.1]:64058
TpTrace Information: 0 : 12428, 1, 2022/09/30, 21:33:27.473, 11588916087731, testhost.dll, SocketClient.Stop: Stop communication from server endpoint: 127.0.0.1:064057
TpTrace Verbose: 0 : 12428, 1, 2022/09/30, 21:33:27.473, 11588916088026, testhost.dll, LengthPrefixCommunicationChannel.Dispose: Dispose reader and writer.
TpTrace Information: 0 : 12428, 1, 2022/09/30, 21:33:27.473, 11588916088497, testhost.dll, Testhost process exiting.
