TpTrace Verbose: 0 : 15680, 1, 2022/09/30, 21:33:26.857, 11588909934021, datacollector.dll, Version: 17.3.0-release-20220708-01
TpTrace Information: 0 : 15680, 1, 2022/09/30, 21:33:26.860, 11588909964919, datacollector.dll, DataCollectorMain.Run: Starting data collector run with args: --port,64053,--parentprocessid,9368,--diag,C:\Users\Andy Tran\source\repos\spreadsheet-AndyTran97\Spreadsheet\FormulaTests\bin\Debug\net6.0\fine-code-coverage\coverage-tool-output\diagnostics.datacollector.22-09-30_21-33-26_78477_1.log,--tracelevel,4
TpTrace Information: 0 : 15680, 1, 2022/09/30, 21:33:26.861, 11588909965602, datacollector.dll, DataCollector: Monitoring parent process with id: '9368'
TpTrace Information: 0 : 15680, 1, 2022/09/30, 21:33:26.863, 11588909995107, datacollector.dll, Trying to connect to server on socket : 127.0.0.1:64053 
TpTrace Verbose: 0 : 15680, 1, 2022/09/30, 21:33:26.868, 11588910042654, datacollector.dll, SocketCommunicationManager : SetupClientAsync : Attempting to connect to the server.
TpTrace Information: 0 : 15680, 8, 2022/09/30, 21:33:26.873, 11588910094423, datacollector.dll, Connected to the server successfully 
TpTrace Information: 0 : 15680, 8, 2022/09/30, 21:33:26.873, 11588910094943, datacollector.dll, Using the buffer size of 16384 bytes
TpTrace Information: 0 : 15680, 1, 2022/09/30, 21:33:26.914, 11588910496670, datacollector.dll, DataCollector: Start Request Processing.
TpTrace Verbose: 0 : 15680, 1, 2022/09/30, 21:33:26.914, 11588910498237, datacollector.dll, SocketCommunicationManager.WaitForServerConnection took: 0 ms, with 90000 ms timeout, and finished with True.
TpTrace Information: 0 : 15680, 1, 2022/09/30, 21:33:26.914, 11588910499665, datacollector.dll, DataCollectionRequestHandler.ProcessRequests: Datacollector received message: (DataCollection.BeforeTestRunStart) -> {"MessageType":"DataCollection.BeforeTestRunStart","Payload":{"SettingsXml":"<RunSettings><RunConfiguration><ResultsDirectory>C:\\Users\\Andy Tran\\source\\repos\\spreadsheet-AndyTran97\\Spreadsheet\\FormulaTests\\bin\\Debug\\net6.0\\fine-code-coverage\\coverage-tool-output</ResultsDirectory><TargetPlatform>X64</TargetPlatform><TargetFrameworkVersion>.NETCoreApp,Version=v6.0</TargetFrameworkVersion><DesignMode>False</DesignMode><CollectSourceInformation>False</CollectSourceInformation><TestAdaptersPaths>C:\\Program Files\\dotnet\\sdk\\6.0.400\\Extensions</TestAdaptersPaths></RunConfiguration><LoggerRunSettings><Loggers><Logger friendlyName=\"blame\" enabled=\"True\" /><Logger friendlyName=\"Console\" uri=\"logger://microsoft/TestPlatform/ConsoleLogger/v1\" assemblyQualifiedName=\"Microsoft.VisualStudio.TestPlatform.CommandLine.Internal.ConsoleLogger, vstest.console, Version=15.0.0.0, Culture=neutral, PublicKeyToken=b03f5f7f11d50a3a\" codeBase=\"C:\\Program Files\\dotnet\\sdk\\6.0.400\\vstest.console.dll\" enabled=\"True\" /></Loggers></LoggerRunSettings><DataCollectionRunSettings><DataCollectors><DataCollector friendlyName=\"blame\" enabled=\"True\"><Configuration><ResultsDirectory>C:\\Users\\Andy Tran\\source\\repos\\spreadsheet-AndyTran97\\Spreadsheet\\FormulaTests\\bin\\Debug\\net6.0\\fine-code-coverage\\coverage-tool-output</ResultsDirectory></Configuration></DataCollector></DataCollectors></DataCollectionRunSettings></RunSettings>","Sources":["C:\\Users\\Andy Tran\\source\\repos\\spreadsheet-AndyTran97\\Spreadsheet\\FormulaTests\\bin\\Debug\\net6.0\\fine-code-coverage\\build-output\\FormulaTests.dll"],"IsTelemetryOptedIn":false}}
TpTrace Verbose: 0 : 15680, 1, 2022/09/30, 21:33:26.937, 11588910730174, datacollector.dll, TestPluginCache: Update extensions started. Skip filter = False
TpTrace Verbose: 0 : 15680, 1, 2022/09/30, 21:33:26.937, 11588910734418, datacollector.dll, TestPluginCache: Using directories for assembly resolution 'C:\Program Files\dotnet\sdk\6.0.400\Extensions'.
TpTrace Verbose: 0 : 15680, 1, 2022/09/30, 21:33:26.937, 11588910734767, datacollector.dll, TestPluginCache: Updated the available extensions to 'C:\Program Files\dotnet\sdk\6.0.400\Extensions\Microsoft.TestPlatform.Extensions.BlameDataCollector.dll,C:\Program Files\dotnet\sdk\6.0.400\Extensions\Microsoft.TestPlatform.Extensions.EventLogCollector.dll'.
TpTrace Verbose: 0 : 15680, 1, 2022/09/30, 21:33:26.941, 11588910773370, datacollector.dll, TestPluginCache.DiscoverTestExtensions: finding test extensions in assemblies ends with: Collector.dll TPluginInfo: Microsoft.VisualStudio.TestPlatform.Common.DataCollector.DataCollectorConfig TExtension: Microsoft.VisualStudio.TestPlatform.ObjectModel.DataCollection.DataCollector
TpTrace Verbose: 0 : 15680, 1, 2022/09/30, 21:33:26.941, 11588910774267, datacollector.dll, TestPluginCache.GetExtensionPaths: Filtered extension paths: C:\Program Files\dotnet\sdk\6.0.400\Extensions\Microsoft.TestPlatform.Extensions.BlameDataCollector.dll
C:\Program Files\dotnet\sdk\6.0.400\Extensions\Microsoft.TestPlatform.Extensions.EventLogCollector.dll
TpTrace Verbose: 0 : 15680, 1, 2022/09/30, 21:33:26.941, 11588910774508, datacollector.dll, TestPluginCache.GetExtensionPaths: Added default extension paths: 
TpTrace Verbose: 0 : 15680, 1, 2022/09/30, 21:33:26.941, 11588910774663, datacollector.dll, TestPluginCache.GetExtensionPaths: Added unfilterableExtensionPaths: 
TpTrace Information: 0 : 15680, 1, 2022/09/30, 21:33:26.942, 11588910777929, datacollector.dll, AssemblyResolver.ctor: Creating AssemblyResolver with searchDirectories C:\Program Files\dotnet\sdk\6.0.400\Extensions,C:\Program Files\dotnet\sdk\6.0.400
TpTrace Verbose: 0 : 15680, 1, 2022/09/30, 21:33:26.942, 11588910784394, datacollector.dll, TestPluginCache.DiscoverTestExtensions: Discovering the extensions using extension path.
TpTrace Verbose: 0 : 15680, 1, 2022/09/30, 21:33:26.942, 11588910785194, datacollector.dll, TestPluginCache.GetExtensionPaths: Filtered extension paths: C:\Program Files\dotnet\sdk\6.0.400\Extensions\Microsoft.TestPlatform.Extensions.BlameDataCollector.dll
C:\Program Files\dotnet\sdk\6.0.400\Extensions\Microsoft.TestPlatform.Extensions.EventLogCollector.dll
TpTrace Verbose: 0 : 15680, 1, 2022/09/30, 21:33:26.942, 11588910785418, datacollector.dll, TestPluginCache.GetExtensionPaths: Added default extension paths: 
TpTrace Verbose: 0 : 15680, 1, 2022/09/30, 21:33:26.943, 11588910785613, datacollector.dll, TestPluginCache.GetExtensionPaths: Added unfilterableExtensionPaths: 
TpTrace Verbose: 0 : 15680, 1, 2022/09/30, 21:33:26.943, 11588910785882, datacollector.dll, TestPluginCache.DiscoverTestExtensions: Discovering the extensions using allExtensionPaths: C:\Program Files\dotnet\sdk\6.0.400\Extensions\Microsoft.TestPlatform.Extensions.BlameDataCollector.dll
C:\Program Files\dotnet\sdk\6.0.400\Extensions\Microsoft.TestPlatform.Extensions.EventLogCollector.dll
TpTrace Information: 0 : 15680, 1, 2022/09/30, 21:33:26.943, 11588910786498, datacollector.dll, AssemblyResolver.AddSearchDirectories: Adding more searchDirectories C:\Program Files\dotnet\sdk\6.0.400\Extensions,C:\Program Files\dotnet\sdk\6.0.400
TpTrace Information: 0 : 15680, 1, 2022/09/30, 21:33:26.943, 11588910786809, datacollector.dll, AssemblyResolver.AddSearchDirectories: Adding more searchDirectories C:\Program Files\dotnet\sdk\6.0.400\Extensions,C:\Program Files\dotnet\sdk\6.0.400
TpTrace Information: 0 : 15680, 1, 2022/09/30, 21:33:26.943, 11588910788836, datacollector.dll, AssemblyResolver.OnResolve: Microsoft.TestPlatform.Extensions.BlameDataCollector: Resolving assembly.
TpTrace Information: 0 : 15680, 1, 2022/09/30, 21:33:26.943, 11588910789244, datacollector.dll, AssemblyResolver.OnResolve: Microsoft.TestPlatform.Extensions.BlameDataCollector: Searching in: 'C:\Program Files\dotnet\sdk\6.0.400\Extensions'.
TpTrace Information: 0 : 15680, 1, 2022/09/30, 21:33:26.943, 11588910791561, datacollector.dll, AssemblyResolver.OnResolve: Microsoft.TestPlatform.Extensions.BlameDataCollector: Loading assembly 'C:\Program Files\dotnet\sdk\6.0.400\Extensions\Microsoft.TestPlatform.Extensions.BlameDataCollector.dll'.
TpTrace Information: 0 : 15680, 1, 2022/09/30, 21:33:26.943, 11588910794203, datacollector.dll, AssemblyResolver.OnResolve: Resolved assembly: Microsoft.TestPlatform.Extensions.BlameDataCollector, from path: C:\Program Files\dotnet\sdk\6.0.400\Extensions\Microsoft.TestPlatform.Extensions.BlameDataCollector.dll
TpTrace Verbose: 0 : 15680, 1, 2022/09/30, 21:33:26.947, 11588910826613, datacollector.dll, MetadataReaderExtensionsHelper: Discovering extensions inside assembly 'Microsoft.TestPlatform.Extensions.BlameDataCollector, Version=15.0.0.0, Culture=neutral, PublicKeyToken=b03f5f7f11d50a3a' file path 'C:\Program Files\dotnet\sdk\6.0.400\Extensions\Microsoft.TestPlatform.Extensions.BlameDataCollector.dll'
TpTrace Error: 0 : 15680, 1, 2022/09/30, 21:33:26.952, 11588910879110, datacollector.dll, The type "Microsoft.TestPlatform.Extensions.BlameDataCollector.BlameCollector" defined in "Microsoft.TestPlatform.Extensions.BlameDataCollector.dll" does not have ExtensionUri attribute.
TpTrace Information: 0 : 15680, 1, 2022/09/30, 21:33:26.952, 11588910884938, datacollector.dll, GetTestExtensionFromType: Register extension with identifier data 'datacollector://microsoft/TestPlatform/Extensions/Blame/v1' and type 'Microsoft.TestPlatform.Extensions.BlameDataCollector.BlameCollector, Microsoft.TestPlatform.Extensions.BlameDataCollector, Version=15.0.0.0, Culture=neutral, PublicKeyToken=b03f5f7f11d50a3a' inside file 'C:\Program Files\dotnet\sdk\6.0.400\Extensions\Microsoft.TestPlatform.Extensions.BlameDataCollector.dll'
TpTrace Information: 0 : 15680, 1, 2022/09/30, 21:33:26.953, 11588910885633, datacollector.dll, AssemblyResolver.OnResolve: Microsoft.TestPlatform.Extensions.EventLogCollector: Resolving assembly.
TpTrace Information: 0 : 15680, 1, 2022/09/30, 21:33:26.953, 11588910885865, datacollector.dll, AssemblyResolver.OnResolve: Microsoft.TestPlatform.Extensions.EventLogCollector: Searching in: 'C:\Program Files\dotnet\sdk\6.0.400\Extensions'.
TpTrace Information: 0 : 15680, 1, 2022/09/30, 21:33:26.953, 11588910887449, datacollector.dll, AssemblyResolver.OnResolve: Microsoft.TestPlatform.Extensions.EventLogCollector: Loading assembly 'C:\Program Files\dotnet\sdk\6.0.400\Extensions\Microsoft.TestPlatform.Extensions.EventLogCollector.dll'.
TpTrace Information: 0 : 15680, 1, 2022/09/30, 21:33:26.953, 11588910889800, datacollector.dll, AssemblyResolver.OnResolve: Resolved assembly: Microsoft.TestPlatform.Extensions.EventLogCollector, from path: C:\Program Files\dotnet\sdk\6.0.400\Extensions\Microsoft.TestPlatform.Extensions.EventLogCollector.dll
TpTrace Verbose: 0 : 15680, 1, 2022/09/30, 21:33:26.953, 11588910890243, datacollector.dll, MetadataReaderExtensionsHelper: Discovering extensions inside assembly 'Microsoft.TestPlatform.Extensions.EventLogCollector, Version=15.0.0.0, Culture=neutral, PublicKeyToken=b03f5f7f11d50a3a' file path 'C:\Program Files\dotnet\sdk\6.0.400\Extensions\Microsoft.TestPlatform.Extensions.EventLogCollector.dll'
TpTrace Error: 0 : 15680, 1, 2022/09/30, 21:33:26.954, 11588910900040, datacollector.dll, The type "Microsoft.TestPlatform.Extensions.EventLogCollector.EventLogDataCollector" defined in "Microsoft.TestPlatform.Extensions.EventLogCollector.dll" does not have ExtensionUri attribute.
TpTrace Information: 0 : 15680, 1, 2022/09/30, 21:33:26.954, 11588910900773, datacollector.dll, GetTestExtensionFromType: Register extension with identifier data 'datacollector://microsoft/EventLog/2.0' and type 'Microsoft.TestPlatform.Extensions.EventLogCollector.EventLogDataCollector, Microsoft.TestPlatform.Extensions.EventLogCollector, Version=15.0.0.0, Culture=neutral, PublicKeyToken=b03f5f7f11d50a3a' inside file 'C:\Program Files\dotnet\sdk\6.0.400\Extensions\Microsoft.TestPlatform.Extensions.EventLogCollector.dll'
TpTrace Verbose: 0 : 15680, 1, 2022/09/30, 21:33:26.954, 11588910901998, datacollector.dll, TestPluginCache: Discovered the extensions using extension path 'C:\Program Files\dotnet\sdk\6.0.400\Extensions\Microsoft.TestPlatform.Extensions.BlameDataCollector.dll,C:\Program Files\dotnet\sdk\6.0.400\Extensions\Microsoft.TestPlatform.Extensions.EventLogCollector.dll'.
TpTrace Verbose: 0 : 15680, 1, 2022/09/30, 21:33:26.954, 11588910902334, datacollector.dll, TestPluginCache: Discoverers are ''.
TpTrace Verbose: 0 : 15680, 1, 2022/09/30, 21:33:26.954, 11588910902544, datacollector.dll, TestPluginCache: Executors are ''.
TpTrace Verbose: 0 : 15680, 1, 2022/09/30, 21:33:26.954, 11588910902707, datacollector.dll, TestPluginCache: Executors2 are ''.
TpTrace Verbose: 0 : 15680, 1, 2022/09/30, 21:33:26.954, 11588910902852, datacollector.dll, TestPluginCache: Setting providers are ''.
TpTrace Verbose: 0 : 15680, 1, 2022/09/30, 21:33:26.954, 11588910902996, datacollector.dll, TestPluginCache: Loggers are ''.
TpTrace Verbose: 0 : 15680, 1, 2022/09/30, 21:33:26.954, 11588910903140, datacollector.dll, TestPluginCache: TestHosts are ''.
TpTrace Verbose: 0 : 15680, 1, 2022/09/30, 21:33:26.954, 11588910904256, datacollector.dll, TestPluginCache: DataCollectors are 'datacollector://microsoft/TestPlatform/Extensions/Blame/v1,datacollector://microsoft/EventLog/2.0'.
TpTrace Information: 0 : 15680, 1, 2022/09/30, 21:33:26.955, 11588910910196, datacollector.dll, TestPluginManager.CreateTestExtension: Attempting to load test extension: Microsoft.TestPlatform.Extensions.BlameDataCollector.BlameCollector
TpTrace Verbose: 0 : 15680, 1, 2022/09/30, 21:33:26.957, 11588910934582, datacollector.dll, MulticastDelegateUtilities.SafeInvoke: DataCollectionEvents.SessionStart: Invoking callbacks was skipped because there are no subscribers.
TpTrace Information: 0 : 15680, 1, 2022/09/30, 21:33:26.958, 11588910941157, datacollector.dll, Listening on Endpoint : 127.0.0.1:64056
TpTrace Information: 0 : 15680, 1, 2022/09/30, 21:33:26.963, 11588910989526, datacollector.dll, DataCollectionRequestHandler.ProcessRequests : DataCollection started.
TpTrace Information: 0 : 15680, 1, 2022/09/30, 21:33:26.974, 11588911101017, datacollector.dll, DataCollectionRequestHandler.ProcessRequests: Datacollector received message: (DataCollection.TestHostLaunched) -> {"MessageType":"DataCollection.TestHostLaunched","Payload":{"ProcessId":12428}}
TpTrace Verbose: 0 : 15680, 1, 2022/09/30, 21:33:26.975, 11588911109460, datacollector.dll, MulticastDelegateUtilities.SafeInvoke: DataCollectionEvents.TestHostLaunched: Invoking callback 1/1 for Microsoft.TestPlatform.Extensions.BlameDataCollector.BlameCollector.TestHostLaunchedHandler, took 0 ms.
TpTrace Information: 0 : 15680, 5, 2022/09/30, 21:33:27.080, 11588912159561, datacollector.dll, Using the buffer size of 16384 bytes
TpTrace Information: 0 : 15680, 5, 2022/09/30, 21:33:27.080, 11588912160108, datacollector.dll, Accepted Client request and set the flag
TpTrace Verbose: 0 : 15680, 8, 2022/09/30, 21:33:27.080, 11588912159767, datacollector.dll, SocketCommunicationManager.WaitForClientConnection took: 119 ms, with 90000 ms timeout, and finished with True.
TpTrace Information: 0 : 15680, 8, 2022/09/30, 21:33:27.338, 11588914739809, datacollector.dll, DataCollectionTestCaseEventHandler: Test case starting.
TpTrace Information: 0 : 15680, 8, 2022/09/30, 21:33:27.362, 11588914980439, datacollector.dll, BlameCollector.EventsTestCaseStart: Test Case Start
TpTrace Verbose: 0 : 15680, 8, 2022/09/30, 21:33:27.362, 11588914981854, datacollector.dll, MulticastDelegateUtilities.SafeInvoke: DataCollectionEvents.TestCaseStart: Invoking callback 1/1 for Microsoft.TestPlatform.Extensions.BlameDataCollector.BlameCollector.EventsTestCaseStart, took 0 ms.
TpTrace Information: 0 : 15680, 8, 2022/09/30, 21:33:27.362, 11588914983114, datacollector.dll, DataCollectionTestCaseEventHandler: Test case 'TestForException1 - d2d6a3d9-503c-4b2d-b36c-1421951e710e' started.
TpTrace Information: 0 : 15680, 8, 2022/09/30, 21:33:27.390, 11588915258961, datacollector.dll, DataCollectionTestCaseEventHandler: Test case completing.
TpTrace Information: 0 : 15680, 8, 2022/09/30, 21:33:27.392, 11588915284641, datacollector.dll, BlameCollector.EventsTestCaseEnd: Test Case End
TpTrace Verbose: 0 : 15680, 8, 2022/09/30, 21:33:27.393, 11588915285864, datacollector.dll, MulticastDelegateUtilities.SafeInvoke: DataCollectionEvents.TestCaseEnd: Invoking callback 1/1 for Microsoft.TestPlatform.Extensions.BlameDataCollector.BlameCollector.EventsTestCaseEnd, took 0 ms.
TpTrace Information: 0 : 15680, 8, 2022/09/30, 21:33:27.394, 11588915300964, datacollector.dll, DataCollectionTestCaseEventHandler: Test case 'TestForException1 - d2d6a3d9-503c-4b2d-b36c-1421951e710e' completed
TpTrace Information: 0 : 15680, 8, 2022/09/30, 21:33:27.399, 11588915346933, datacollector.dll, DataCollectionTestCaseEventHandler: Test case starting.
TpTrace Information: 0 : 15680, 8, 2022/09/30, 21:33:27.399, 11588915352109, datacollector.dll, BlameCollector.EventsTestCaseStart: Test Case Start
TpTrace Verbose: 0 : 15680, 8, 2022/09/30, 21:33:27.399, 11588915352514, datacollector.dll, MulticastDelegateUtilities.SafeInvoke: DataCollectionEvents.TestCaseStart: Invoking callback 1/1 for Microsoft.TestPlatform.Extensions.BlameDataCollector.BlameCollector.EventsTestCaseStart, took 0 ms.
TpTrace Information: 0 : 15680, 8, 2022/09/30, 21:33:27.399, 11588915353037, datacollector.dll, DataCollectionTestCaseEventHandler: Test case 'TestForException2 - 1e066500-d69a-29a5-fd15-e316f266abf4' started.
TpTrace Information: 0 : 15680, 8, 2022/09/30, 21:33:27.400, 11588915361607, datacollector.dll, DataCollectionTestCaseEventHandler: Test case completing.
TpTrace Information: 0 : 15680, 8, 2022/09/30, 21:33:27.401, 11588915368735, datacollector.dll, BlameCollector.EventsTestCaseEnd: Test Case End
TpTrace Verbose: 0 : 15680, 8, 2022/09/30, 21:33:27.401, 11588915369202, datacollector.dll, MulticastDelegateUtilities.SafeInvoke: DataCollectionEvents.TestCaseEnd: Invoking callback 1/1 for Microsoft.TestPlatform.Extensions.BlameDataCollector.BlameCollector.EventsTestCaseEnd, took 0 ms.
TpTrace Information: 0 : 15680, 8, 2022/09/30, 21:33:27.401, 11588915370422, datacollector.dll, DataCollectionTestCaseEventHandler: Test case 'TestForException2 - 1e066500-d69a-29a5-fd15-e316f266abf4' completed
TpTrace Information: 0 : 15680, 8, 2022/09/30, 21:33:27.401, 11588915375054, datacollector.dll, DataCollectionTestCaseEventHandler: Test case starting.
TpTrace Information: 0 : 15680, 8, 2022/09/30, 21:33:27.402, 11588915379559, datacollector.dll, BlameCollector.EventsTestCaseStart: Test Case Start
TpTrace Verbose: 0 : 15680, 8, 2022/09/30, 21:33:27.402, 11588915379893, datacollector.dll, MulticastDelegateUtilities.SafeInvoke: DataCollectionEvents.TestCaseStart: Invoking callback 1/1 for Microsoft.TestPlatform.Extensions.BlameDataCollector.BlameCollector.EventsTestCaseStart, took 0 ms.
TpTrace Information: 0 : 15680, 8, 2022/09/30, 21:33:27.402, 11588915380465, datacollector.dll, DataCollectionTestCaseEventHandler: Test case 'TestForException3 - de328cf1-2a17-9dfb-1320-af09e338b0d7' started.
TpTrace Information: 0 : 15680, 8, 2022/09/30, 21:33:27.403, 11588915389112, datacollector.dll, DataCollectionTestCaseEventHandler: Test case completing.
TpTrace Information: 0 : 15680, 8, 2022/09/30, 21:33:27.403, 11588915393586, datacollector.dll, BlameCollector.EventsTestCaseEnd: Test Case End
TpTrace Verbose: 0 : 15680, 8, 2022/09/30, 21:33:27.403, 11588915393950, datacollector.dll, MulticastDelegateUtilities.SafeInvoke: DataCollectionEvents.TestCaseEnd: Invoking callback 1/1 for Microsoft.TestPlatform.Extensions.BlameDataCollector.BlameCollector.EventsTestCaseEnd, took 0 ms.
TpTrace Information: 0 : 15680, 8, 2022/09/30, 21:33:27.403, 11588915394464, datacollector.dll, DataCollectionTestCaseEventHandler: Test case 'TestForException3 - de328cf1-2a17-9dfb-1320-af09e338b0d7' completed
TpTrace Information: 0 : 15680, 8, 2022/09/30, 21:33:27.404, 11588915397494, datacollector.dll, DataCollectionTestCaseEventHandler: Test case starting.
TpTrace Information: 0 : 15680, 8, 2022/09/30, 21:33:27.404, 11588915401699, datacollector.dll, BlameCollector.EventsTestCaseStart: Test Case Start
TpTrace Verbose: 0 : 15680, 8, 2022/09/30, 21:33:27.404, 11588915402109, datacollector.dll, MulticastDelegateUtilities.SafeInvoke: DataCollectionEvents.TestCaseStart: Invoking callback 1/1 for Microsoft.TestPlatform.Extensions.BlameDataCollector.BlameCollector.EventsTestCaseStart, took 0 ms.
TpTrace Information: 0 : 15680, 8, 2022/09/30, 21:33:27.404, 11588915402588, datacollector.dll, DataCollectionTestCaseEventHandler: Test case 'TestForException4 - 9617f5ef-86cf-8c27-92f6-ee674ccf295d' started.
TpTrace Information: 0 : 15680, 8, 2022/09/30, 21:33:27.405, 11588915409008, datacollector.dll, DataCollectionTestCaseEventHandler: Test case completing.
TpTrace Information: 0 : 15680, 8, 2022/09/30, 21:33:27.405, 11588915413291, datacollector.dll, BlameCollector.EventsTestCaseEnd: Test Case End
TpTrace Verbose: 0 : 15680, 8, 2022/09/30, 21:33:27.405, 11588915413792, datacollector.dll, MulticastDelegateUtilities.SafeInvoke: DataCollectionEvents.TestCaseEnd: Invoking callback 1/1 for Microsoft.TestPlatform.Extensions.BlameDataCollector.BlameCollector.EventsTestCaseEnd, took 0 ms.
TpTrace Information: 0 : 15680, 8, 2022/09/30, 21:33:27.405, 11588915414268, datacollector.dll, DataCollectionTestCaseEventHandler: Test case 'TestForException4 - 9617f5ef-86cf-8c27-92f6-ee674ccf295d' completed
TpTrace Information: 0 : 15680, 8, 2022/09/30, 21:33:27.406, 11588915417078, datacollector.dll, DataCollectionTestCaseEventHandler: Test case starting.
TpTrace Information: 0 : 15680, 8, 2022/09/30, 21:33:27.406, 11588915421243, datacollector.dll, BlameCollector.EventsTestCaseStart: Test Case Start
TpTrace Verbose: 0 : 15680, 8, 2022/09/30, 21:33:27.406, 11588915421612, datacollector.dll, MulticastDelegateUtilities.SafeInvoke: DataCollectionEvents.TestCaseStart: Invoking callback 1/1 for Microsoft.TestPlatform.Extensions.BlameDataCollector.BlameCollector.EventsTestCaseStart, took 0 ms.
TpTrace Information: 0 : 15680, 8, 2022/09/30, 21:33:27.406, 11588915422034, datacollector.dll, DataCollectionTestCaseEventHandler: Test case 'TestForException5 - 2860f6dc-e5ad-38e8-95be-5266e25165af' started.
TpTrace Information: 0 : 15680, 8, 2022/09/30, 21:33:27.407, 11588915428706, datacollector.dll, DataCollectionTestCaseEventHandler: Test case completing.
TpTrace Information: 0 : 15680, 8, 2022/09/30, 21:33:27.407, 11588915433900, datacollector.dll, BlameCollector.EventsTestCaseEnd: Test Case End
TpTrace Verbose: 0 : 15680, 8, 2022/09/30, 21:33:27.407, 11588915434381, datacollector.dll, MulticastDelegateUtilities.SafeInvoke: DataCollectionEvents.TestCaseEnd: Invoking callback 1/1 for Microsoft.TestPlatform.Extensions.BlameDataCollector.BlameCollector.EventsTestCaseEnd, took 0 ms.
TpTrace Information: 0 : 15680, 8, 2022/09/30, 21:33:27.407, 11588915434927, datacollector.dll, DataCollectionTestCaseEventHandler: Test case 'TestForException5 - 2860f6dc-e5ad-38e8-95be-5266e25165af' completed
TpTrace Information: 0 : 15680, 8, 2022/09/30, 21:33:27.408, 11588915437800, datacollector.dll, DataCollectionTestCaseEventHandler: Test case starting.
TpTrace Information: 0 : 15680, 8, 2022/09/30, 21:33:27.408, 11588915441980, datacollector.dll, BlameCollector.EventsTestCaseStart: Test Case Start
TpTrace Verbose: 0 : 15680, 8, 2022/09/30, 21:33:27.408, 11588915442302, datacollector.dll, MulticastDelegateUtilities.SafeInvoke: DataCollectionEvents.TestCaseStart: Invoking callback 1/1 for Microsoft.TestPlatform.Extensions.BlameDataCollector.BlameCollector.EventsTestCaseStart, took 0 ms.
TpTrace Information: 0 : 15680, 8, 2022/09/30, 21:33:27.408, 11588915442711, datacollector.dll, DataCollectionTestCaseEventHandler: Test case 'TestForException6 - 62a36f98-e566-8887-d101-1ad2e9eb6705' started.
TpTrace Information: 0 : 15680, 8, 2022/09/30, 21:33:27.409, 11588915449215, datacollector.dll, DataCollectionTestCaseEventHandler: Test case completing.
TpTrace Information: 0 : 15680, 8, 2022/09/30, 21:33:27.409, 11588915453390, datacollector.dll, BlameCollector.EventsTestCaseEnd: Test Case End
TpTrace Verbose: 0 : 15680, 8, 2022/09/30, 21:33:27.409, 11588915453703, datacollector.dll, MulticastDelegateUtilities.SafeInvoke: DataCollectionEvents.TestCaseEnd: Invoking callback 1/1 for Microsoft.TestPlatform.Extensions.BlameDataCollector.BlameCollector.EventsTestCaseEnd, took 0 ms.
TpTrace Information: 0 : 15680, 8, 2022/09/30, 21:33:27.409, 11588915454197, datacollector.dll, DataCollectionTestCaseEventHandler: Test case 'TestForException6 - 62a36f98-e566-8887-d101-1ad2e9eb6705' completed
TpTrace Information: 0 : 15680, 8, 2022/09/30, 21:33:27.410, 11588915457014, datacollector.dll, DataCollectionTestCaseEventHandler: Test case starting.
TpTrace Information: 0 : 15680, 8, 2022/09/30, 21:33:27.410, 11588915461127, datacollector.dll, BlameCollector.EventsTestCaseStart: Test Case Start
TpTrace Verbose: 0 : 15680, 8, 2022/09/30, 21:33:27.410, 11588915461446, datacollector.dll, MulticastDelegateUtilities.SafeInvoke: DataCollectionEvents.TestCaseStart: Invoking callback 1/1 for Microsoft.TestPlatform.Extensions.BlameDataCollector.BlameCollector.EventsTestCaseStart, took 0 ms.
TpTrace Information: 0 : 15680, 8, 2022/09/30, 21:33:27.410, 11588915461882, datacollector.dll, DataCollectionTestCaseEventHandler: Test case 'TestForException7 - df8b17b1-2c2b-4e2e-44ee-c9282886e4fe' started.
TpTrace Information: 0 : 15680, 8, 2022/09/30, 21:33:27.411, 11588915467985, datacollector.dll, DataCollectionTestCaseEventHandler: Test case completing.
TpTrace Information: 0 : 15680, 8, 2022/09/30, 21:33:27.411, 11588915472289, datacollector.dll, BlameCollector.EventsTestCaseEnd: Test Case End
TpTrace Verbose: 0 : 15680, 8, 2022/09/30, 21:33:27.411, 11588915472611, datacollector.dll, MulticastDelegateUtilities.SafeInvoke: DataCollectionEvents.TestCaseEnd: Invoking callback 1/1 for Microsoft.TestPlatform.Extensions.BlameDataCollector.BlameCollector.EventsTestCaseEnd, took 0 ms.
TpTrace Information: 0 : 15680, 8, 2022/09/30, 21:33:27.411, 11588915473176, datacollector.dll, DataCollectionTestCaseEventHandler: Test case 'TestForException7 - df8b17b1-2c2b-4e2e-44ee-c9282886e4fe' completed
TpTrace Information: 0 : 15680, 8, 2022/09/30, 21:33:27.412, 11588915476416, datacollector.dll, DataCollectionTestCaseEventHandler: Test case starting.
TpTrace Information: 0 : 15680, 8, 2022/09/30, 21:33:27.412, 11588915480790, datacollector.dll, BlameCollector.EventsTestCaseStart: Test Case Start
TpTrace Verbose: 0 : 15680, 8, 2022/09/30, 21:33:27.412, 11588915481226, datacollector.dll, MulticastDelegateUtilities.SafeInvoke: DataCollectionEvents.TestCaseStart: Invoking callback 1/1 for Microsoft.TestPlatform.Extensions.BlameDataCollector.BlameCollector.EventsTestCaseStart, took 0 ms.
TpTrace Information: 0 : 15680, 8, 2022/09/30, 21:33:27.412, 11588915481696, datacollector.dll, DataCollectionTestCaseEventHandler: Test case 'TestForException8 - 5fabf121-53cd-35f7-4e0b-80cd9e3f1455' started.
TpTrace Information: 0 : 15680, 8, 2022/09/30, 21:33:27.413, 11588915488028, datacollector.dll, DataCollectionTestCaseEventHandler: Test case completing.
TpTrace Information: 0 : 15680, 8, 2022/09/30, 21:33:27.413, 11588915492622, datacollector.dll, BlameCollector.EventsTestCaseEnd: Test Case End
TpTrace Verbose: 0 : 15680, 8, 2022/09/30, 21:33:27.413, 11588915493166, datacollector.dll, MulticastDelegateUtilities.SafeInvoke: DataCollectionEvents.TestCaseEnd: Invoking callback 1/1 for Microsoft.TestPlatform.Extensions.BlameDataCollector.BlameCollector.EventsTestCaseEnd, took 0 ms.
TpTrace Information: 0 : 15680, 8, 2022/09/30, 21:33:27.413, 11588915493847, datacollector.dll, DataCollectionTestCaseEventHandler: Test case 'TestForException8 - 5fabf121-53cd-35f7-4e0b-80cd9e3f1455' completed
TpTrace Information: 0 : 15680, 8, 2022/09/30, 21:33:27.414, 11588915496796, datacollector.dll, DataCollectionTestCaseEventHandler: Test case starting.
TpTrace Information: 0 : 15680, 8, 2022/09/30, 21:33:27.414, 11588915501076, datacollector.dll, BlameCollector.EventsTestCaseStart: Test Case Start
TpTrace Verbose: 0 : 15680, 8, 2022/09/30, 21:33:27.414, 11588915501428, datacollector.dll, MulticastDelegateUtilities.SafeInvoke: DataCollectionEvents.TestCaseStart: Invoking callback 1/1 for Microsoft.TestPlatform.Extensions.BlameDataCollector.BlameCollector.EventsTestCaseStart, took 0 ms.
TpTrace Information: 0 : 15680, 8, 2022/09/30, 21:33:27.414, 11588915501843, datacollector.dll, DataCollectionTestCaseEventHandler: Test case 'TestForException9 - d316e832-dec7-7b9a-d83a-532b57f9286d' started.
TpTrace Information: 0 : 15680, 8, 2022/09/30, 21:33:27.415, 11588915507618, datacollector.dll, DataCollectionTestCaseEventHandler: Test case completing.
TpTrace Information: 0 : 15680, 8, 2022/09/30, 21:33:27.415, 11588915511894, datacollector.dll, BlameCollector.EventsTestCaseEnd: Test Case End
TpTrace Verbose: 0 : 15680, 8, 2022/09/30, 21:33:27.415, 11588915512215, datacollector.dll, MulticastDelegateUtilities.SafeInvoke: DataCollectionEvents.TestCaseEnd: Invoking callback 1/1 for Microsoft.TestPlatform.Extensions.BlameDataCollector.BlameCollector.EventsTestCaseEnd, took 0 ms.
TpTrace Information: 0 : 15680, 8, 2022/09/30, 21:33:27.415, 11588915512688, datacollector.dll, DataCollectionTestCaseEventHandler: Test case 'TestForException9 - d316e832-dec7-7b9a-d83a-532b57f9286d' completed
TpTrace Information: 0 : 15680, 8, 2022/09/30, 21:33:27.435, 11588915707768, datacollector.dll, DataCollectionTestCaseEventHandler: Test case starting.
TpTrace Information: 0 : 15680, 8, 2022/09/30, 21:33:27.435, 11588915714243, datacollector.dll, BlameCollector.EventsTestCaseStart: Test Case Start
TpTrace Verbose: 0 : 15680, 8, 2022/09/30, 21:33:27.435, 11588915714623, datacollector.dll, MulticastDelegateUtilities.SafeInvoke: DataCollectionEvents.TestCaseStart: Invoking callback 1/1 for Microsoft.TestPlatform.Extensions.BlameDataCollector.BlameCollector.EventsTestCaseStart, took 0 ms.
TpTrace Information: 0 : 15680, 8, 2022/09/30, 21:33:27.435, 11588915715489, datacollector.dll, DataCollectionTestCaseEventHandler: Test case 'TestForUnknownVariable - e9dc6899-35a0-c476-2f5b-8ecaedb3a0ff' started.
TpTrace Information: 0 : 15680, 8, 2022/09/30, 21:33:27.438, 11588915743568, datacollector.dll, DataCollectionTestCaseEventHandler: Test case completing.
TpTrace Information: 0 : 15680, 8, 2022/09/30, 21:33:27.439, 11588915748065, datacollector.dll, BlameCollector.EventsTestCaseEnd: Test Case End
TpTrace Verbose: 0 : 15680, 8, 2022/09/30, 21:33:27.439, 11588915748398, datacollector.dll, MulticastDelegateUtilities.SafeInvoke: DataCollectionEvents.TestCaseEnd: Invoking callback 1/1 for Microsoft.TestPlatform.Extensions.BlameDataCollector.BlameCollector.EventsTestCaseEnd, took 0 ms.
TpTrace Information: 0 : 15680, 8, 2022/09/30, 21:33:27.439, 11588915749092, datacollector.dll, DataCollectionTestCaseEventHandler: Test case 'TestForUnknownVariable - e9dc6899-35a0-c476-2f5b-8ecaedb3a0ff' completed
TpTrace Information: 0 : 15680, 8, 2022/09/30, 21:33:27.439, 11588915752296, datacollector.dll, DataCollectionTestCaseEventHandler: Test case starting.
TpTrace Information: 0 : 15680, 8, 2022/09/30, 21:33:27.440, 11588915756404, datacollector.dll, BlameCollector.EventsTestCaseStart: Test Case Start
TpTrace Verbose: 0 : 15680, 8, 2022/09/30, 21:33:27.440, 11588915756724, datacollector.dll, MulticastDelegateUtilities.SafeInvoke: DataCollectionEvents.TestCaseStart: Invoking callback 1/1 for Microsoft.TestPlatform.Extensions.BlameDataCollector.BlameCollector.EventsTestCaseStart, took 0 ms.
TpTrace Information: 0 : 15680, 8, 2022/09/30, 21:33:27.440, 11588915757196, datacollector.dll, DataCollectionTestCaseEventHandler: Test case 'TestComparingToEmptyString - f90e6a1e-c2ef-06b6-30a2-678d45072600' started.
TpTrace Information: 0 : 15680, 8, 2022/09/30, 21:33:27.441, 11588915765792, datacollector.dll, DataCollectionTestCaseEventHandler: Test case completing.
TpTrace Information: 0 : 15680, 8, 2022/09/30, 21:33:27.441, 11588915769874, datacollector.dll, BlameCollector.EventsTestCaseEnd: Test Case End
TpTrace Verbose: 0 : 15680, 8, 2022/09/30, 21:33:27.441, 11588915770225, datacollector.dll, MulticastDelegateUtilities.SafeInvoke: DataCollectionEvents.TestCaseEnd: Invoking callback 1/1 for Microsoft.TestPlatform.Extensions.BlameDataCollector.BlameCollector.EventsTestCaseEnd, took 0 ms.
TpTrace Information: 0 : 15680, 8, 2022/09/30, 21:33:27.441, 11588915770746, datacollector.dll, DataCollectionTestCaseEventHandler: Test case 'TestComparingToEmptyString - f90e6a1e-c2ef-06b6-30a2-678d45072600' completed
TpTrace Information: 0 : 15680, 8, 2022/09/30, 21:33:27.441, 11588915773774, datacollector.dll, DataCollectionTestCaseEventHandler: Test case starting.
TpTrace Information: 0 : 15680, 8, 2022/09/30, 21:33:27.442, 11588915777875, datacollector.dll, BlameCollector.EventsTestCaseStart: Test Case Start
TpTrace Verbose: 0 : 15680, 8, 2022/09/30, 21:33:27.442, 11588915778199, datacollector.dll, MulticastDelegateUtilities.SafeInvoke: DataCollectionEvents.TestCaseStart: Invoking callback 1/1 for Microsoft.TestPlatform.Extensions.BlameDataCollector.BlameCollector.EventsTestCaseStart, took 0 ms.
TpTrace Information: 0 : 15680, 8, 2022/09/30, 21:33:27.442, 11588915778644, datacollector.dll, DataCollectionTestCaseEventHandler: Test case 'TestConstructor - e1b5601b-b039-3d2f-0f3a-dee831da0948' started.
TpTrace Information: 0 : 15680, 8, 2022/09/30, 21:33:27.446, 11588915822136, datacollector.dll, DataCollectionTestCaseEventHandler: Test case completing.
TpTrace Information: 0 : 15680, 8, 2022/09/30, 21:33:27.447, 11588915826646, datacollector.dll, BlameCollector.EventsTestCaseEnd: Test Case End
TpTrace Verbose: 0 : 15680, 8, 2022/09/30, 21:33:27.447, 11588915827039, datacollector.dll, MulticastDelegateUtilities.SafeInvoke: DataCollectionEvents.TestCaseEnd: Invoking callback 1/1 for Microsoft.TestPlatform.Extensions.BlameDataCollector.BlameCollector.EventsTestCaseEnd, took 0 ms.
TpTrace Information: 0 : 15680, 8, 2022/09/30, 21:33:27.447, 11588915827580, datacollector.dll, DataCollectionTestCaseEventHandler: Test case 'TestConstructor - e1b5601b-b039-3d2f-0f3a-dee831da0948' completed
TpTrace Information: 0 : 15680, 8, 2022/09/30, 21:33:27.447, 11588915831157, datacollector.dll, DataCollectionTestCaseEventHandler: Test case starting.
TpTrace Information: 0 : 15680, 8, 2022/09/30, 21:33:27.448, 11588915836835, datacollector.dll, BlameCollector.EventsTestCaseStart: Test Case Start
TpTrace Verbose: 0 : 15680, 8, 2022/09/30, 21:33:27.448, 11588915837273, datacollector.dll, MulticastDelegateUtilities.SafeInvoke: DataCollectionEvents.TestCaseStart: Invoking callback 1/1 for Microsoft.TestPlatform.Extensions.BlameDataCollector.BlameCollector.EventsTestCaseStart, took 0 ms.
TpTrace Information: 0 : 15680, 8, 2022/09/30, 21:33:27.448, 11588915837728, datacollector.dll, DataCollectionTestCaseEventHandler: Test case 'TestGetHashCode - 1738a2d0-b8b5-c892-7314-052648b9ca5c' started.
TpTrace Information: 0 : 15680, 8, 2022/09/30, 21:33:27.449, 11588915853410, datacollector.dll, DataCollectionTestCaseEventHandler: Test case completing.
TpTrace Information: 0 : 15680, 8, 2022/09/30, 21:33:27.450, 11588915857714, datacollector.dll, BlameCollector.EventsTestCaseEnd: Test Case End
TpTrace Verbose: 0 : 15680, 8, 2022/09/30, 21:33:27.450, 11588915858038, datacollector.dll, MulticastDelegateUtilities.SafeInvoke: DataCollectionEvents.TestCaseEnd: Invoking callback 1/1 for Microsoft.TestPlatform.Extensions.BlameDataCollector.BlameCollector.EventsTestCaseEnd, took 0 ms.
TpTrace Information: 0 : 15680, 8, 2022/09/30, 21:33:27.450, 11588915858551, datacollector.dll, DataCollectionTestCaseEventHandler: Test case 'TestGetHashCode - 1738a2d0-b8b5-c892-7314-052648b9ca5c' completed
TpTrace Information: 0 : 15680, 8, 2022/09/30, 21:33:27.450, 11588915861216, datacollector.dll, DataCollectionTestCaseEventHandler: Test case starting.
TpTrace Information: 0 : 15680, 8, 2022/09/30, 21:33:27.450, 11588915865559, datacollector.dll, BlameCollector.EventsTestCaseStart: Test Case Start
TpTrace Verbose: 0 : 15680, 8, 2022/09/30, 21:33:27.451, 11588915865910, datacollector.dll, MulticastDelegateUtilities.SafeInvoke: DataCollectionEvents.TestCaseStart: Invoking callback 1/1 for Microsoft.TestPlatform.Extensions.BlameDataCollector.BlameCollector.EventsTestCaseStart, took 0 ms.
TpTrace Information: 0 : 15680, 8, 2022/09/30, 21:33:27.451, 11588915866357, datacollector.dll, DataCollectionTestCaseEventHandler: Test case 'TestEqualAndNotEqualOperator - 6d1c94e7-8828-f954-ab28-f7be70fb2f88' started.
TpTrace Information: 0 : 15680, 8, 2022/09/30, 21:33:27.452, 11588915879565, datacollector.dll, DataCollectionTestCaseEventHandler: Test case completing.
TpTrace Information: 0 : 15680, 8, 2022/09/30, 21:33:27.452, 11588915884635, datacollector.dll, BlameCollector.EventsTestCaseEnd: Test Case End
TpTrace Verbose: 0 : 15680, 8, 2022/09/30, 21:33:27.452, 11588915884998, datacollector.dll, MulticastDelegateUtilities.SafeInvoke: DataCollectionEvents.TestCaseEnd: Invoking callback 1/1 for Microsoft.TestPlatform.Extensions.BlameDataCollector.BlameCollector.EventsTestCaseEnd, took 0 ms.
TpTrace Information: 0 : 15680, 8, 2022/09/30, 21:33:27.452, 11588915885506, datacollector.dll, DataCollectionTestCaseEventHandler: Test case 'TestEqualAndNotEqualOperator - 6d1c94e7-8828-f954-ab28-f7be70fb2f88' completed
TpTrace Information: 0 : 15680, 8, 2022/09/30, 21:33:27.453, 11588915888266, datacollector.dll, DataCollectionTestCaseEventHandler: Test case starting.
TpTrace Information: 0 : 15680, 8, 2022/09/30, 21:33:27.453, 11588915892387, datacollector.dll, BlameCollector.EventsTestCaseStart: Test Case Start
TpTrace Verbose: 0 : 15680, 8, 2022/09/30, 21:33:27.453, 11588915892752, datacollector.dll, MulticastDelegateUtilities.SafeInvoke: DataCollectionEvents.TestCaseStart: Invoking callback 1/1 for Microsoft.TestPlatform.Extensions.BlameDataCollector.BlameCollector.EventsTestCaseStart, took 0 ms.
TpTrace Information: 0 : 15680, 8, 2022/09/30, 21:33:27.453, 11588915893207, datacollector.dll, DataCollectionTestCaseEventHandler: Test case 'TestEqualsMethod - c6b2234d-ee96-d13c-10c0-47b8addd382c' started.
TpTrace Information: 0 : 15680, 8, 2022/09/30, 21:33:27.454, 11588915899929, datacollector.dll, DataCollectionTestCaseEventHandler: Test case completing.
TpTrace Information: 0 : 15680, 8, 2022/09/30, 21:33:27.454, 11588915904926, datacollector.dll, BlameCollector.EventsTestCaseEnd: Test Case End
TpTrace Verbose: 0 : 15680, 8, 2022/09/30, 21:33:27.454, 11588915905325, datacollector.dll, MulticastDelegateUtilities.SafeInvoke: DataCollectionEvents.TestCaseEnd: Invoking callback 1/1 for Microsoft.TestPlatform.Extensions.BlameDataCollector.BlameCollector.EventsTestCaseEnd, took 0 ms.
TpTrace Information: 0 : 15680, 8, 2022/09/30, 21:33:27.455, 11588915905988, datacollector.dll, DataCollectionTestCaseEventHandler: Test case 'TestEqualsMethod - c6b2234d-ee96-d13c-10c0-47b8addd382c' completed
TpTrace Information: 0 : 15680, 8, 2022/09/30, 21:33:27.455, 11588915909082, datacollector.dll, DataCollectionTestCaseEventHandler: Test case starting.
TpTrace Information: 0 : 15680, 8, 2022/09/30, 21:33:27.455, 11588915913850, datacollector.dll, BlameCollector.EventsTestCaseStart: Test Case Start
TpTrace Verbose: 0 : 15680, 8, 2022/09/30, 21:33:27.455, 11588915914315, datacollector.dll, MulticastDelegateUtilities.SafeInvoke: DataCollectionEvents.TestCaseStart: Invoking callback 1/1 for Microsoft.TestPlatform.Extensions.BlameDataCollector.BlameCollector.EventsTestCaseStart, took 0 ms.
TpTrace Information: 0 : 15680, 8, 2022/09/30, 21:33:27.455, 11588915914955, datacollector.dll, DataCollectionTestCaseEventHandler: Test case 'TestGetVariables - c2f066b6-811f-da70-f6e5-08fdb6f834ad' started.
TpTrace Information: 0 : 15680, 8, 2022/09/30, 21:33:27.456, 11588915924177, datacollector.dll, DataCollectionTestCaseEventHandler: Test case completing.
TpTrace Information: 0 : 15680, 8, 2022/09/30, 21:33:27.457, 11588915929957, datacollector.dll, BlameCollector.EventsTestCaseEnd: Test Case End
TpTrace Verbose: 0 : 15680, 8, 2022/09/30, 21:33:27.457, 11588915930330, datacollector.dll, MulticastDelegateUtilities.SafeInvoke: DataCollectionEvents.TestCaseEnd: Invoking callback 1/1 for Microsoft.TestPlatform.Extensions.BlameDataCollector.BlameCollector.EventsTestCaseEnd, took 0 ms.
TpTrace Information: 0 : 15680, 8, 2022/09/30, 21:33:27.457, 11588915931216, datacollector.dll, DataCollectionTestCaseEventHandler: Test case 'TestGetVariables - c2f066b6-811f-da70-f6e5-08fdb6f834ad' completed
TpTrace Information: 0 : 15680, 8, 2022/09/30, 21:33:27.457, 11588915933922, datacollector.dll, DataCollectionTestCaseEventHandler: Test case starting.
TpTrace Information: 0 : 15680, 8, 2022/09/30, 21:33:27.458, 11588915938911, datacollector.dll, BlameCollector.EventsTestCaseStart: Test Case Start
TpTrace Verbose: 0 : 15680, 8, 2022/09/30, 21:33:27.458, 11588915939297, datacollector.dll, MulticastDelegateUtilities.SafeInvoke: DataCollectionEvents.TestCaseStart: Invoking callback 1/1 for Microsoft.TestPlatform.Extensions.BlameDataCollector.BlameCollector.EventsTestCaseStart, took 0 ms.
TpTrace Information: 0 : 15680, 8, 2022/09/30, 21:33:27.458, 11588915939824, datacollector.dll, DataCollectionTestCaseEventHandler: Test case 'TestEvaluateMethod - 0d23dbde-7b4f-8b6e-a4ab-2a7f4e7f8a15' started.
TpTrace Information: 0 : 15680, 8, 2022/09/30, 21:33:27.459, 11588915953387, datacollector.dll, DataCollectionTestCaseEventHandler: Test case completing.
TpTrace Information: 0 : 15680, 8, 2022/09/30, 21:33:27.460, 11588915957956, datacollector.dll, BlameCollector.EventsTestCaseEnd: Test Case End
TpTrace Verbose: 0 : 15680, 8, 2022/09/30, 21:33:27.460, 11588915958298, datacollector.dll, MulticastDelegateUtilities.SafeInvoke: DataCollectionEvents.TestCaseEnd: Invoking callback 1/1 for Microsoft.TestPlatform.Extensions.BlameDataCollector.BlameCollector.EventsTestCaseEnd, took 0 ms.
TpTrace Information: 0 : 15680, 8, 2022/09/30, 21:33:27.460, 11588915958979, datacollector.dll, DataCollectionTestCaseEventHandler: Test case 'TestEvaluateMethod - 0d23dbde-7b4f-8b6e-a4ab-2a7f4e7f8a15' completed
TpTrace Information: 0 : 15680, 8, 2022/09/30, 21:33:27.463, 11588915992211, datacollector.dll, DataCollectionTestCaseEventHandler: Test session ended
TpTrace Information: 0 : 15680, 1, 2022/09/30, 21:33:27.491, 11588916271563, datacollector.dll, DataCollectionRequestHandler.ProcessRequests: Datacollector received message: (DataCollection.AfterTestRunEnd) -> {"MessageType":"DataCollection.AfterTestRunEnd","Payload":false}
TpTrace Information: 0 : 15680, 1, 2022/09/30, 21:33:27.492, 11588916277981, datacollector.dll, Blame Collector: Session End
TpTrace Information: 0 : 15680, 1, 2022/09/30, 21:33:27.492, 11588916278343, datacollector.dll, BlameCollector.CollectDumpAndAbortTesthost: Custom path to dump directory was provided via VSTEST_DUMP_PATH. Skipping attachment upload, the caller is responsible for collecting and uploading the dumps themselves.
TpTrace Verbose: 0 : 15680, 1, 2022/09/30, 21:33:27.492, 11588916278884, datacollector.dll, MulticastDelegateUtilities.SafeInvoke: DataCollectionEvents.SessionEnd: Invoking callback 1/1 for Microsoft.TestPlatform.Extensions.BlameDataCollector.BlameCollector.SessionEndedHandler, took 0 ms.
TpTrace Information: 0 : 15680, 1, 2022/09/30, 21:33:27.492, 11588916282759, datacollector.dll, DataCollectionManager.CleanupPlugins: CleanupPlugins called
TpTrace Verbose: 0 : 15680, 1, 2022/09/30, 21:33:27.492, 11588916283134, datacollector.dll, DataCollectionManager.CleanupPlugins: Cleaning up 1 plugins
TpTrace Verbose: 0 : 15680, 1, 2022/09/30, 21:33:27.492, 11588916283648, datacollector.dll, dataCollectorInfo.DisposeDataCollector: calling Dispose() on Microsoft.TestPlatform.Extensions.BlameDataCollector.BlameCollector
TpTrace Information: 0 : 15680, 1, 2022/09/30, 21:33:27.492, 11588916284055, datacollector.dll, DataCollectionManager.CleanupPlugins: CleanupPlugins finished
TpTrace Information: 0 : 15680, 1, 2022/09/30, 21:33:27.496, 11588916317967, datacollector.dll, DataCollectionRequestHandler.ProcessRequests : Session End message received from server. Closing the connection.
TpTrace Information: 0 : 15680, 1, 2022/09/30, 21:33:27.496, 11588916319473, datacollector.dll, Closing the connection !
TpTrace Information: 0 : 15680, 1, 2022/09/30, 21:33:27.496, 11588916319750, datacollector.dll, DataCollectionRequestHandler.ProcessRequests : DataCollection completed
TpTrace Information: 0 : 15680, 1, 2022/09/30, 21:33:27.496, 11588916319925, datacollector.dll, Program.Main: exiting datacollector process.
